[2025-03-22 13:26:39] Action: get_current_trainers
[2025-03-22 13:26:39] Action: get_current_members
[2025-03-22 13:26:40] Action: get_current_members
[2025-03-22 13:26:40] Action: get_current_trainers
[2025-03-22 13:28:04] Action: get_current_members
[2025-03-22 13:28:04] Action: get_current_trainers
[2025-03-22 13:28:16] Action: check_in
[2025-03-22 13:28:16] Action: check_in
[2025-03-22 13:28:16] Action: get_current_members
[2025-03-22 13:28:21] Action: get_current_trainers
[2025-03-22 13:28:21] Action: get_current_members
[2025-03-22 13:28:26] Action: get_current_members
[2025-03-22 13:28:26] Action: get_current_trainers
[2025-03-22 13:29:09] Action: trainer_check_in
[2025-03-22 13:29:09] Action: trainer_check_in
[2025-03-22 13:29:09] Action: trainer_check_in
[2025-03-22 13:29:09] Action: trainer_check_in
[2025-03-22 13:29:12] Action: trainer_check_out
[2025-03-22 13:29:16] Action: get_current_members
[2025-03-22 13:29:16] Action: get_current_trainers
[2025-03-22 13:29:22] Action: get_current_members

[2025-03-22 13:29:35] Action: trainer_check_in
[2025-03-22 13:29:35] Action: trainer_check_in
[2025-03-22 13:29:35] Action: trainer_check_in
[2025-03-22 13:29:35] Action: trainer_check_in
[2025-03-22 13:29:35] Action: trainer_check_in
[2025-03-22 13:29:46] Action: trainer_check_out
[2025-03-22 13:31:01] Action: trainer_check_in
[2025-03-22 13:31:01] Action: trainer_check_in
[2025-03-22 13:31:04] Action: trainer_check_out
[2025-03-22 13:33:16] Action: trainer_check_in
[2025-03-22 13:33:16] Action: trainer_check_in
[2025-03-22 13:33:16] Action: trainer_check_in
[2025-03-22 13:33:20] Action: trainer_check_out
[2025-03-22 13:38:56] Action: get_current_trainers
[2025-03-22 13:38:56] Action: get_current_members
[2025-03-22 13:39:14] Action: trainer_check_in
[2025-03-22 13:39:14] Action: trainer_check_in
[2025-03-22 13:39:14] Action: trainer_check_in
[2025-03-22 13:39:14] Action: trainer_check_in
[2025-03-22 13:39:17] Action: trainer_check_out
[2025-03-22 13:51:01] Action: get_current_members
[2025-03-22 13:51:01] Action: get_current_trainers
[2025-03-22 13:51:19] Action: get_current_members

[2025-03-22 13:51:24] Action: get_current_trainers
[2025-03-22 13:51:24] Action: get_current_members
[2025-03-22 13:51:40] Action: trainer_check_in
[2025-03-22 13:51:40] Action: trainer_check_in
[2025-03-22 13:51:40] Action: trainer_check_in
[2025-03-22 13:51:40] Action: trainer_check_in
[2025-03-22 13:51:40] Action: trainer_check_in
[2025-03-22 13:51:50] Action: trainer_check_out
[2025-03-22 13:59:58] Action: get_current_members
[2025-03-22 13:59:58] Action: get_current_trainers
[2025-03-22 14:00:07] Action: trainer_check_in
[2025-03-22 14:00:07] Action: trainer_check_in
[2025-03-22 14:00:07] Action: trainer_check_in
[2025-03-22 14:00:07] Action: trainer_check_in
[2025-03-22 14:00:07] Action: trainer_check_in
[2025-03-22 14:00:14] Action: trainer_check_out
[2025-03-22 14:20:19] Action: check_out
[2025-03-22 14:20:20] Action: get_current_members
[2025-03-22 14:20:25] Action: get_current_members
[2025-03-22 14:20:25] Action: get_current_trainers
[2025-03-22 14:20:30] Action: get_current_trainers
[2025-03-22 14:20:37] Action: check_in
[2025-03-22 14:20:37] Action: check_in
[2025-03-22 14:20:37] Action: get_current_members
[2025-03-22 14:20:37] Action: check_in
[2025-03-22 14:22:18] Action: trainer_check_in
[2025-03-22 14:22:18] Action: trainer_check_in
[2025-03-22 14:22:18] Action: trainer_check_in
[2025-03-22 14:22:18] Action: trainer_check_in
[2025-03-22 14:22:18] Action: trainer_check_in
[2025-03-22 14:22:25] Action: trainer_check_out
[2025-03-22 14:40:32] Action: get_current_members
[2025-03-22 14:40:32] Action: get_current_trainers
[2025-03-22 14:40:41] Action: trainer_check_in
[2025-03-22 14:40:41] Action: trainer_check_in
[2025-03-22 14:40:41] Action: trainer_check_in
[2025-03-22 14:40:41] Action: trainer_check_in
[2025-03-22 14:40:43] Action: trainer_check_out
[2025-03-22 14:53:25] Action: get_current_trainers
[2025-03-22 14:53:25] Action: get_current_members
[2025-03-22 14:53:42] Action: trainer_check_in
[2025-03-22 14:53:42] Action: trainer_check_in
[2025-03-22 14:53:42] Action: trainer_check_in
[2025-03-22 14:53:42] Action: trainer_check_in
[2025-03-22 14:53:44] Action: trainer_check_out
[2025-03-22 14:53:51] Action: get_current_trainers
[2025-03-22 14:53:51] Action: get_current_members
[2025-03-22 14:53:54] Action: get_current_members
[2025-03-22 14:53:54] Action: get_current_trainers
[2025-03-22 14:54:05] Action: trainer_check_in
[2025-03-22 14:54:05] Action: trainer_check_in
[2025-03-22 14:54:05] Action: trainer_check_in
[2025-03-22 14:54:05] Action: trainer_check_in
[2025-03-22 14:54:07] Action: trainer_check_out
[2025-03-22 15:14:35] Action: get_current_members
[2025-03-22 15:14:35] Action: get_current_trainers
[2025-03-22 15:14:46] Action: get_current_members
[2025-03-22 15:14:46] Action: get_current_trainers
[2025-03-22 15:14:56] Action: get_current_trainers
[2025-03-22 15:14:59] Action: get_current_members
[2025-03-22 15:14:59] Action: get_current_trainers
[2025-03-22 15:15:00] Action: get_current_members
[2025-03-22 15:15:00] Action: get_current_trainers
[2025-03-22 15:15:43] Action: trainer_check_in
[2025-03-22 15:15:43] Action: trainer_check_in
[2025-03-22 15:15:43] Action: trainer_check_in
[2025-03-22 15:15:43] Action: get_current_trainers
[2025-03-22 15:15:43] Action: trainer_check_in
[2025-03-22 15:15:43] Action: trainer_check_in
[2025-03-22 15:15:59] Action: get_current_members
[2025-03-22 15:15:59] Action: get_current_trainers
[2025-03-22 15:16:01] Action: get_current_trainers
[2025-03-22 15:16:01] Action: get_current_members
[2025-03-22 15:16:11] Action: trainer_check_out
[2025-03-22 15:16:17] Action: get_current_trainers
[2025-03-22 15:16:17] Action: get_current_members
[2025-03-22 15:16:21] Action: get_current_members
[2025-03-22 15:16:21] Action: get_current_trainers
[2025-03-22 15:16:24] Action: get_current_members
[2025-03-22 15:16:24] Action: get_current_trainers
[2025-03-22 15:16:54] Action: get_current_members

[2025-03-22 15:17:01] Action: get_current_members
[2025-03-22 15:17:01] Action: get_current_trainers
[2025-03-22 15:17:12] Action: trainer_check_in
[2025-03-22 15:17:12] Action: trainer_check_in
[2025-03-22 15:17:12] Action: trainer_check_in
[2025-03-22 15:17:12] Action: trainer_check_in
[2025-03-22 15:17:12] Action: get_current_trainers
[2025-03-22 15:17:12] Action: trainer_check_in
[2025-03-22 15:17:16] Action: get_current_members
[2025-03-22 15:17:16] Action: get_current_trainers
[2025-03-22 15:17:25] Action: get_current_members
[2025-03-22 15:17:25] Action: get_current_trainers
[2025-03-22 15:17:35] Action: trainer_check_out
[2025-03-22 15:18:55] Action: get_current_trainers
[2025-03-22 15:18:55] Action: get_current_members
[2025-03-22 15:20:13] Action: trainer_check_in
[2025-03-22 15:20:13] Action: trainer_check_in
[2025-03-22 15:20:13] Action: trainer_check_in
[2025-03-22 15:20:13] Action: trainer_check_in
[2025-03-22 15:20:13] Action: get_current_trainers
[2025-03-22 15:20:36] Action: trainer_check_out
[2025-03-22 15:31:20] Action: get_current_members
[2025-03-22 15:31:20] Action: get_current_trainers
[2025-03-22 15:31:31] Action: trainer_check_in
[2025-03-22 15:31:31] Action: trainer_check_in
[2025-03-22 15:31:31] Action: get_current_trainers
[2025-03-22 15:31:31] Action: trainer_check_in
[2025-03-22 15:31:31] Action: trainer_check_in
[2025-03-22 15:31:45] Action: trainer_check_out
[2025-03-22 15:31:45] Action: get_current_trainers
[2025-03-22 15:31:50] Action: get_current_trainers
[2025-03-22 15:31:50] Action: get_current_members
[2025-03-22 15:32:14] Action: get_current_trainers
[2025-03-22 15:32:14] Action: get_current_members
[2025-03-22 15:32:21] Action: get_current_trainers
[2025-03-22 15:32:31] Action: trainer_check_in
[2025-03-22 15:32:31] Action: trainer_check_in
[2025-03-22 15:32:31] Action: trainer_check_in
[2025-03-22 15:32:31] Action: get_current_trainers
[2025-03-22 15:32:31] Action: trainer_check_in
[2025-03-22 15:32:31] Action: get_current_trainers
[2025-03-22 15:32:31] Action: trainer_check_in
[2025-03-22 15:32:41] Action: trainer_check_out
[2025-03-22 15:32:41] Action: get_current_trainers
[2025-03-22 15:32:44] Action: get_current_trainers
[2025-03-22 15:32:44] Action: get_current_members
[2025-03-22 15:32:47] Action: get_current_trainers
[2025-03-22 15:32:47] Action: get_current_members
[2025-03-22 15:32:49] Action: get_current_members
[2025-03-22 15:32:49] Action: get_current_trainers
[2025-03-22 15:32:54] Action: trainer_check_in
[2025-03-22 15:32:54] Action: trainer_check_in
[2025-03-22 15:32:54] Action: trainer_check_in
[2025-03-22 15:32:54] Action: trainer_check_in
[2025-03-22 15:32:54] Action: get_current_trainers
[2025-03-22 15:32:54] Action: trainer_check_in
[2025-03-22 15:33:02] Action: get_current_trainers
[2025-03-22 15:33:05] Action: get_current_members
[2025-03-22 15:33:05] Action: get_current_trainers
[2025-03-22 15:33:07] Action: get_current_members
[2025-03-22 15:33:07] Action: get_current_trainers
[2025-03-22 15:33:08] Action: get_current_members
[2025-03-22 15:33:08] Action: get_current_trainers
[2025-03-22 15:33:24] Action: trainer_check_out
[2025-03-22 15:33:24] Action: get_current_trainers
[2025-03-22 15:33:36] Action: trainer_check_in
[2025-03-22 15:33:36] Action: trainer_check_in
[2025-03-22 15:33:36] Action: trainer_check_in
[2025-03-22 15:33:36] Action: trainer_check_in
[2025-03-22 15:33:36] Action: get_current_trainers
[2025-03-22 15:33:39] Action: get_current_trainers
[2025-03-22 15:33:39] Action: get_current_members
[2025-03-22 15:33:41] Action: get_current_trainers
[2025-03-22 15:33:41] Action: get_current_members
[2025-03-22 15:33:50] Action: trainer_check_out
[2025-03-22 15:33:50] Action: get_current_trainers
[2025-03-22 15:33:55] Action: get_current_members
[2025-03-22 15:33:55] Action: get_current_trainers
[2025-03-22 15:34:25] Action: get_current_members
[2025-03-22 15:34:25] Action: get_current_trainers
[2025-03-22 15:34:56] Action: get_current_trainers
[2025-03-22 15:34:56] Action: get_current_members
[2025-03-22 15:35:26] Action: get_current_trainers
[2025-03-22 15:35:26] Action: get_current_members
[2025-03-22 15:35:56] Action: get_current_members
[2025-03-22 15:35:56] Action: get_current_trainers
[2025-03-22 15:36:26] Action: get_current_trainers
[2025-03-22 15:36:26] Action: get_current_members
[2025-03-22 15:36:56] Action: get_current_members
[2025-03-22 15:36:56] Action: get_current_trainers
[2025-03-22 15:37:26] Action: get_current_trainers
[2025-03-22 15:37:56] Action: get_current_members
[2025-03-22 15:37:56] Action: get_current_trainers
[2025-03-22 15:38:26] Action: get_current_members
[2025-03-22 15:38:26] Action: get_current_trainers
[2025-03-22 15:38:56] Action: get_current_members
[2025-03-22 15:38:56] Action: get_current_trainers
[2025-03-22 15:39:26] Action: get_current_trainers
[2025-03-22 15:39:56] Action: get_current_trainers
[2025-03-22 15:40:26] Action: get_current_members
[2025-03-22 15:40:26] Action: get_current_trainers
[2025-03-22 15:40:56] Action: get_current_members
[2025-03-22 15:40:56] Action: get_current_trainers
[2025-03-22 15:41:26] Action: get_current_members
[2025-03-22 15:41:26] Action: get_current_trainers
[2025-03-22 15:41:56] Action: get_current_members

[2025-03-22 15:42:26] Action: get_current_trainers
[2025-03-22 15:42:26] Action: get_current_members
[2025-03-22 15:42:56] Action: get_current_members
[2025-03-22 15:42:56] Action: get_current_trainers
[2025-03-22 15:43:26] Action: get_current_members

[2025-03-22 15:43:56] Action: get_current_members
[2025-03-22 15:43:56] Action: get_current_trainers
[2025-03-22 15:44:26] Action: get_current_trainers
[2025-03-22 15:44:26] Action: get_current_members
[2025-03-22 15:44:56] Action: get_current_members
[2025-03-22 15:44:56] Action: get_current_trainers
[2025-03-22 15:45:26] Action: get_current_trainers
[2025-03-22 15:45:56] Action: get_current_members

[2025-03-22 15:46:26] Action: get_current_trainers
[2025-03-22 15:46:26] Action: get_current_members
[2025-03-22 15:46:56] Action: get_current_trainers
[2025-03-22 15:47:26] Action: get_current_members
[2025-03-22 15:47:26] Action: get_current_trainers
[2025-03-22 15:47:56] Action: get_current_members
[2025-03-22 15:47:56] Action: get_current_trainers
[2025-03-22 15:48:26] Action: get_current_trainers
[2025-03-22 15:48:26] Action: get_current_members
[2025-03-22 15:48:56] Action: get_current_members

[2025-03-22 15:49:26] Action: get_current_members
[2025-03-22 15:49:26] Action: get_current_trainers
[2025-03-22 15:49:56] Action: get_current_trainers
[2025-03-22 15:49:56] Action: get_current_members
[2025-03-22 15:50:26] Action: get_current_members
[2025-03-22 15:50:26] Action: get_current_trainers
[2025-03-22 15:50:56] Action: get_current_members

[2025-03-22 15:51:26] Action: get_current_members
[2025-03-22 15:51:26] Action: get_current_trainers
[2025-03-22 15:51:56] Action: get_current_trainers
[2025-03-22 16:04:08] Action: get_current_members
[2025-03-22 16:04:10] Action: get_current_trainers
[2025-03-22 16:04:14] Action: get_current_members
[2025-03-22 16:04:14] Action: get_current_trainers
[2025-03-22 16:04:26] Action: get_current_members
[2025-03-22 16:04:26] Action: get_current_trainers
[2025-03-22 16:04:56] Action: get_current_trainers
[2025-03-22 16:04:56] Action: get_current_members
[2025-03-22 16:05:26] Action: get_current_members
[2025-03-22 16:05:26] Action: get_current_trainers
[2025-03-22 16:05:56] Action: get_current_trainers
[2025-03-22 16:06:26] Action: get_current_members
[2025-03-22 16:06:26] Action: get_current_trainers
[2025-03-22 16:06:56] Action: get_current_members
[2025-03-22 16:06:56] Action: get_current_trainers
[2025-03-22 16:07:26] Action: get_current_trainers
[2025-03-22 16:07:26] Action: get_current_members
[2025-03-22 16:07:56] Action: get_current_members

[2025-03-22 16:08:26] Action: get_current_trainers
[2025-03-22 16:08:56] Action: get_current_members
[2025-03-22 16:08:56] Action: get_current_trainers
[2025-03-22 16:09:26] Action: get_current_trainers
[2025-03-22 16:09:56] Action: get_current_members
[2025-03-22 16:09:56] Action: get_current_trainers
[2025-03-22 16:10:26] Action: get_current_trainers
[2025-03-22 16:10:26] Action: get_current_members
[2025-03-22 16:10:56] Action: get_current_members
[2025-03-22 16:10:56] Action: get_current_trainers
[2025-03-22 16:11:26] Action: get_current_members
[2025-03-22 16:11:26] Action: get_current_trainers
[2025-03-22 16:11:56] Action: get_current_trainers
[2025-03-22 16:11:56] Action: get_current_members
[2025-03-22 16:12:26] Action: get_current_members
[2025-03-22 16:12:26] Action: get_current_trainers
[2025-03-22 16:12:56] Action: get_current_members
[2025-03-22 16:12:56] Action: get_current_trainers
[2025-03-22 16:13:26] Action: get_current_members
[2025-03-22 16:13:26] Action: get_current_trainers
[2025-03-22 16:13:56] Action: get_current_members
[2025-03-22 16:13:56] Action: get_current_trainers
[2025-03-22 16:14:26] Action: get_current_members
[2025-03-22 16:14:26] Action: get_current_trainers
[2025-03-22 16:14:56] Action: get_current_members

[2025-03-22 16:15:26] Action: get_current_members
[2025-03-22 16:15:26] Action: get_current_trainers
[2025-03-22 16:15:56] Action: get_current_trainers
[2025-03-22 16:15:56] Action: get_current_members
[2025-03-22 16:16:26] Action: get_current_members
[2025-03-22 16:16:26] Action: get_current_trainers
[2025-03-22 16:16:56] Action: get_current_members
[2025-03-22 16:16:56] Action: get_current_trainers
[2025-03-22 16:17:26] Action: get_current_trainers
[2025-03-22 16:17:26] Action: get_current_members
[2025-03-22 16:17:56] Action: get_current_members
[2025-03-22 16:17:56] Action: get_current_trainers
[2025-03-22 16:18:26] Action: get_current_members
[2025-03-22 16:18:26] Action: get_current_trainers
[2025-03-22 16:18:56] Action: get_current_members
[2025-03-22 16:18:56] Action: get_current_trainers
[2025-03-22 16:19:26] Action: get_current_trainers
[2025-03-22 16:19:26] Action: get_current_members
[2025-03-22 16:19:56] Action: get_current_members

[2025-03-22 16:20:26] Action: get_current_members

[2025-03-22 16:20:56] Action: get_current_members
[2025-03-22 16:20:56] Action: get_current_trainers
[2025-03-22 16:21:26] Action: get_current_members
[2025-03-22 16:21:26] Action: get_current_trainers
[2025-03-22 16:21:56] Action: get_current_members
[2025-03-22 16:21:56] Action: get_current_trainers
[2025-03-22 16:22:26] Action: get_current_trainers
[2025-03-22 16:24:26] Action: get_current_members

[2025-03-22 16:24:56] Action: get_current_members
[2025-03-22 16:24:56] Action: get_current_trainers
[2025-03-22 16:25:26] Action: get_current_trainers
[2025-03-22 16:25:26] Action: get_current_members
[2025-03-22 16:25:56] Action: get_current_trainers
[2025-03-22 16:25:56] Action: get_current_members
[2025-03-22 16:26:26] Action: get_current_members

[2025-03-22 16:26:56] Action: get_current_members
[2025-03-22 16:26:56] Action: get_current_trainers
[2025-03-22 16:27:26] Action: get_current_trainers
[2025-03-22 16:27:26] Action: get_current_members
[2025-03-22 16:27:56] Action: get_current_trainers
[2025-03-22 16:27:56] Action: get_current_members
[2025-03-22 16:28:26] Action: get_current_members
[2025-03-22 16:28:26] Action: get_current_trainers
[2025-03-22 16:28:56] Action: get_current_trainers
[2025-03-22 16:28:56] Action: get_current_members
[2025-03-22 16:29:11] Action: get_current_members
[2025-03-22 16:29:11] Action: get_current_trainers
[2025-03-22 16:29:13] Action: get_current_members
[2025-03-22 16:29:13] Action: get_current_trainers
[2025-03-22 16:29:43] Action: get_current_members
[2025-03-22 16:29:43] Action: get_current_trainers
[2025-03-22 16:29:47] Action: get_current_members
[2025-03-22 16:29:47] Action: get_current_trainers
[2025-03-22 16:30:01] Action: trainer_check_in
[2025-03-22 16:30:01] Action: trainer_check_in
[2025-03-22 16:30:01] Action: trainer_check_in
[2025-03-22 16:30:01] Action: trainer_check_in
[2025-03-22 16:30:01] Action: trainer_check_in
[2025-03-22 16:30:06] Action: trainer_check_out
[2025-03-22 16:30:20] Action: trainer_check_out
[2025-03-22 16:30:22] Action: get_current_members
[2025-03-22 16:30:22] Action: get_current_trainers
[2025-03-22 16:30:25] Action: get_current_trainers
[2025-03-22 16:30:25] Action: get_current_members
[2025-03-22 16:31:03] Action: get_current_members
[2025-03-22 16:31:03] Action: get_current_trainers
[2025-03-22 16:31:13] Action: trainer_check_out
[2025-03-22 16:31:13] Action: get_current_trainers
[2025-03-22 16:31:17] Action: get_current_members
[2025-03-22 16:31:17] Action: get_current_trainers
[2025-03-22 16:31:19] Action: get_current_members
[2025-03-22 16:31:19] Action: get_current_trainers
[2025-03-22 16:31:27] Action: trainer_check_in
[2025-03-22 16:31:27] Action: trainer_check_in
[2025-03-22 16:31:27] Action: trainer_check_in
[2025-03-22 16:31:27] Action: trainer_check_in
[2025-03-22 16:31:27] Action: get_current_trainers
[2025-03-22 16:31:31] Action: get_current_trainers
[2025-03-22 16:31:31] Action: get_current_members
[2025-03-22 16:31:33] Action: get_current_members
[2025-03-22 16:31:33] Action: get_current_trainers
[2025-03-22 16:31:43] Action: trainer_check_out
[2025-03-22 16:31:43] Action: get_current_trainers
[2025-03-22 16:31:46] Action: get_current_members
[2025-03-22 16:31:46] Action: get_current_trainers
[2025-03-22 16:32:16] Action: get_current_trainers
[2025-03-22 16:32:46] Action: get_current_trainers
[2025-03-22 16:33:13] Action: get_current_members
[2025-03-22 16:33:13] Action: get_current_trainers
[2025-03-22 16:33:43] Action: get_current_members
[2025-03-22 16:33:43] Action: get_current_trainers
[2025-03-22 16:34:13] Action: get_current_trainers
[2025-03-22 16:34:43] Action: get_current_members

[2025-03-22 16:35:13] Action: get_current_members
[2025-03-22 16:35:13] Action: get_current_trainers
[2025-03-22 16:35:43] Action: get_current_members
[2025-03-22 16:35:43] Action: get_current_trainers
[2025-03-22 16:36:13] Action: get_current_members
[2025-03-22 16:36:13] Action: get_current_trainers
[2025-03-22 16:36:43] Action: get_current_trainers
[2025-03-22 16:37:13] Action: get_current_trainers
[2025-03-22 16:37:13] Action: get_current_members
[2025-03-22 16:37:43] Action: get_current_trainers
[2025-03-22 16:40:57] Action: get_current_trainers
[2025-03-22 16:40:57] Action: get_current_members
[2025-03-22 16:41:00] Action: get_current_trainers
[2025-03-22 16:41:00] Action: get_current_members
[2025-03-22 16:41:31] Action: get_current_trainers
[2025-03-22 16:42:01] Action: get_current_trainers
[2025-03-22 16:42:01] Action: get_current_members
[2025-03-22 16:42:31] Action: get_current_trainers
[2025-03-22 16:43:01] Action: get_current_trainers
[2025-03-22 16:43:01] Action: get_current_members
[2025-03-22 16:43:31] Action: get_current_members
[2025-03-22 16:43:31] Action: get_current_trainers
[2025-03-22 16:44:01] Action: get_current_members
[2025-03-22 16:44:01] Action: get_current_trainers
[2025-03-22 16:44:31] Action: get_current_members
[2025-03-22 16:44:31] Action: get_current_trainers
[2025-03-22 16:45:01] Action: get_current_trainers
[2025-03-22 16:45:01] Action: get_current_members
[2025-03-22 16:45:31] Action: get_current_members

[2025-03-22 16:46:01] Action: get_current_trainers
[2025-03-22 16:46:31] Action: get_current_members

[2025-03-22 16:47:01] Action: get_current_members
[2025-03-22 16:47:01] Action: get_current_trainers
[2025-03-22 16:47:30] Action: get_current_members
[2025-03-22 16:47:30] Action: get_current_trainers
[2025-03-22 16:48:01] Action: get_current_members
[2025-03-22 16:48:01] Action: get_current_trainers
[2025-03-22 16:48:31] Action: get_current_members

[2025-03-22 16:48:50] Action: get_current_members
[2025-03-22 16:48:50] Action: get_current_trainers
[2025-03-22 16:48:53] Action: get_current_members
[2025-03-22 16:48:53] Action: get_current_trainers
[2025-03-22 16:49:21] Action: get_current_members
[2025-03-22 16:49:21] Action: get_current_trainers
[2025-03-22 16:49:23] Action: get_current_trainers
[2025-03-22 16:49:36] Action: trainer_check_in
[2025-03-22 16:49:36] Action: trainer_check_in
[2025-03-22 16:49:36] Action: get_current_trainers
[2025-03-22 16:49:36] Action: trainer_check_in
[2025-03-22 16:49:36] Action: trainer_check_in
[2025-03-22 16:49:36] Action: get_current_trainers
[2025-03-22 16:49:36] Action: trainer_check_in
[2025-03-22 16:49:39] Action: get_current_trainers
[2025-03-22 16:49:39] Action: get_current_members
[2025-03-22 16:50:09] Action: get_current_trainers
[2025-03-22 16:50:09] Action: get_current_members
[2025-03-22 16:50:39] Action: get_current_trainers
[2025-03-22 16:50:39] Action: get_current_members
[2025-03-22 16:51:10] Action: get_current_members
[2025-03-22 16:51:10] Action: get_current_trainers
[2025-03-22 16:51:40] Action: get_current_trainers
[2025-03-22 16:51:40] Action: get_current_members
[2025-03-22 16:52:10] Action: get_current_trainers
[2025-03-22 16:52:10] Action: get_current_members
[2025-03-22 16:52:40] Action: get_current_trainers
[2025-03-22 16:53:10] Action: get_current_trainers
[2025-03-22 16:53:10] Action: get_current_members
[2025-03-22 16:53:40] Action: get_current_trainers
[2025-03-22 16:53:40] Action: get_current_members
[2025-03-22 16:54:10] Action: get_current_trainers
[2025-03-22 16:54:10] Action: get_current_members
[2025-03-22 16:54:40] Action: get_current_trainers
[2025-03-22 16:54:40] Action: get_current_members
[2025-03-22 16:54:55] Action: get_current_trainers
[2025-03-22 16:54:55] Action: get_current_members
[2025-03-22 16:54:56] Action: get_current_trainers
[2025-03-22 16:54:56] Action: get_current_members
[2025-03-22 16:55:26] Action: get_current_members
[2025-03-22 16:55:26] Action: get_current_trainers
[2025-03-22 16:55:34] Action: get_current_members
[2025-03-22 16:55:34] Action: get_current_trainers
[2025-03-22 16:55:38] Action: get_current_trainers
[2025-03-22 16:55:38] Action: get_current_members
[2025-03-22 16:55:49] Action: trainer_check_in
[2025-03-22 16:55:49] Action: trainer_check_in
[2025-03-22 16:55:49] Action: get_current_trainers
[2025-03-22 16:55:49] Action: trainer_check_in
[2025-03-22 16:55:49] Action: trainer_check_in
[2025-03-22 16:55:49] Action: get_current_trainers
[2025-03-22 16:55:53] Action: get_current_members
[2025-03-22 16:55:53] Action: get_current_trainers
[2025-03-22 16:56:23] Action: get_current_trainers
[2025-03-22 16:56:23] Action: get_current_members
[2025-03-22 16:56:53] Action: get_current_members
[2025-03-22 16:56:53] Action: get_current_trainers
[2025-03-22 16:57:23] Action: get_current_members
[2025-03-22 16:57:23] Action: get_current_trainers
[2025-03-22 16:57:53] Action: get_current_members
[2025-03-22 16:57:53] Action: get_current_trainers
[2025-03-22 16:58:23] Action: get_current_trainers
[2025-03-22 16:58:23] Action: get_current_members
[2025-03-22 16:58:53] Action: get_current_members
[2025-03-22 16:58:53] Action: get_current_trainers
[2025-03-22 16:59:23] Action: get_current_trainers
[2025-03-22 16:59:23] Action: get_current_members
[2025-03-22 16:59:53] Action: get_current_members
[2025-03-22 16:59:53] Action: get_current_trainers
[2025-03-22 17:00:23] Action: get_current_members
[2025-03-22 17:00:23] Action: get_current_trainers
[2025-03-22 17:00:53] Action: get_current_trainers
[2025-03-22 17:00:53] Action: get_current_members
[2025-03-22 17:01:23] Action: get_current_trainers
[2025-03-22 17:01:53] Action: get_current_trainers
[2025-03-22 17:01:53] Action: get_current_members
[2025-03-22 17:02:23] Action: get_current_members
[2025-03-22 17:02:23] Action: get_current_trainers
[2025-03-22 17:02:53] Action: get_current_members
[2025-03-22 17:02:53] Action: get_current_trainers
[2025-03-22 17:03:23] Action: get_current_trainers
[2025-03-22 17:03:23] Action: get_current_members
[2025-03-22 17:03:53] Action: get_current_members
[2025-03-22 17:03:53] Action: get_current_trainers
[2025-03-22 17:04:23] Action: get_current_trainers
[2025-03-22 17:04:23] Action: get_current_members
[2025-03-22 17:04:53] Action: get_current_members
[2025-03-22 17:04:53] Action: get_current_trainers
[2025-03-22 17:05:23] Action: get_current_trainers
[2025-03-22 17:05:23] Action: get_current_members
[2025-03-22 17:05:53] Action: get_current_trainers
[2025-03-22 17:06:23] Action: get_current_members
[2025-03-22 17:06:23] Action: get_current_trainers
[2025-03-22 17:06:53] Action: get_current_members
[2025-03-22 17:06:53] Action: get_current_trainers
[2025-03-22 17:07:23] Action: get_current_members
[2025-03-22 17:07:23] Action: get_current_trainers
[2025-03-22 17:07:53] Action: get_current_trainers
[2025-03-22 17:07:53] Action: get_current_members
[2025-03-22 17:08:23] Action: get_current_members

[2025-03-22 17:08:53] Action: get_current_members
[2025-03-22 17:08:53] Action: get_current_trainers
[2025-03-22 17:09:23] Action: get_current_trainers
[2025-03-22 17:09:23] Action: get_current_members
[2025-03-22 17:09:53] Action: get_current_trainers
[2025-03-22 17:09:53] Action: get_current_members
[2025-03-22 17:10:23] Action: get_current_members
[2025-03-22 17:10:23] Action: get_current_trainers
[2025-03-22 17:10:53] Action: get_current_members
[2025-03-22 17:10:53] Action: get_current_trainers
[2025-03-22 17:11:23] Action: get_current_trainers
[2025-03-22 17:11:53] Action: get_current_members
[2025-03-22 17:11:53] Action: get_current_trainers
[2025-03-22 17:12:23] Action: get_current_trainers
[2025-03-22 17:12:53] Action: get_current_members
[2025-03-22 17:12:53] Action: get_current_trainers
[2025-03-22 17:13:23] Action: get_current_members
[2025-03-22 17:13:23] Action: get_current_trainers
[2025-03-22 17:13:24] Action: get_current_trainers
[2025-03-22 17:13:39] Action: get_current_trainers
[2025-03-22 17:14:09] Action: get_current_members
[2025-03-22 17:14:09] Action: get_current_trainers
[2025-03-22 17:14:39] Action: get_current_members

[2025-03-22 17:15:09] Action: get_current_members
[2025-03-22 17:15:09] Action: get_current_trainers
[2025-03-22 17:15:39] Action: get_current_members
[2025-03-22 17:15:39] Action: get_current_trainers
[2025-03-22 17:16:09] Action: get_current_members
[2025-03-22 17:16:09] Action: get_current_trainers
[2025-03-22 17:16:39] Action: get_current_members
[2025-03-22 17:16:39] Action: get_current_trainers
[2025-03-22 17:17:09] Action: get_current_members
[2025-03-22 17:17:09] Action: get_current_trainers
[2025-03-22 17:17:39] Action: get_current_trainers
[2025-03-22 17:17:39] Action: get_current_members
[2025-03-22 17:18:09] Action: get_current_trainers
[2025-03-22 17:18:22] Action: get_current_members
[2025-03-22 17:18:22] Action: get_current_trainers
[2025-03-22 17:18:26] Action: get_current_members
[2025-03-22 17:18:26] Action: get_current_trainers
[2025-03-22 17:18:55] Action: trainer_check_out
[2025-03-22 17:18:55] Action: get_current_trainers
[2025-03-24 09:37:41] Action: get_current_members
[2025-03-24 09:37:41] Action: get_current_trainers
[2025-03-24 09:38:11] Action: get_current_trainers
[2025-03-24 09:38:11] Action: get_current_members
[2025-03-25 13:08:31] Action: get_current_trainers
[2025-03-25 13:08:31] Action: get_current_members
[2025-03-25 17:21:30] Action: get_current_members
[2025-03-25 17:21:30] Action: get_current_trainers
[2025-03-26 14:09:03] Action: get_current_members
[2025-03-26 14:09:03] Action: get_current_trainers
[2025-03-26 14:09:33] Action: get_current_trainers
[2025-03-26 14:09:33] Action: get_current_members
[2025-03-26 14:09:41] Action: get_current_members
[2025-03-26 14:09:41] Action: get_current_trainers
[2025-03-26 14:09:51] Action: get_current_members
[2025-03-26 14:09:51] Action: get_current_trainers
[2025-03-26 14:10:21] Action: get_current_members

[2025-03-26 14:10:51] Action: get_current_trainers
[2025-03-26 14:10:51] Action: get_current_members
[2025-03-26 14:11:21] Action: get_current_members
[2025-03-26 14:11:21] Action: get_current_trainers
[2025-03-26 14:44:22] Action: get_current_members
[2025-03-26 14:44:22] Action: get_current_trainers
[2025-03-26 15:09:28] Action: get_current_trainers
[2025-03-26 15:10:29] Action: get_current_trainers
[2025-03-26 15:10:29] Action: get_current_members
[2025-03-26 15:11:18] Action: get_current_trainers
[2025-03-26 15:11:18] Action: get_current_members
[2025-03-26 15:19:06] Action: get_current_members
[2025-03-26 15:19:06] Action: get_current_trainers
[2025-03-26 16:49:23] Action: get_current_members
[2025-03-26 16:49:23] Action: get_current_trainers
[2025-03-26 17:04:22] Action: get_current_trainers
[2025-03-26 17:04:22] Action: get_current_members
[2025-03-26 17:08:12] Action: get_current_members
[2025-03-26 17:08:12] Action: get_current_trainers
[2025-03-28 13:27:20] Action: get_current_trainers
[2025-03-28 13:27:20] Action: get_current_members
[2025-03-29 05:40:09] Action: get_current_trainers
[2025-03-29 05:40:09] Action: get_current_members
[2025-03-29 07:21:35] Action: get_current_members
[2025-03-29 07:21:35] Action: get_current_trainers
[2025-03-29 07:21:45] Action: get_current_trainers
[2025-03-29 07:21:45] Action: get_current_members
[2025-03-29 07:51:29] Action: get_current_members
[2025-03-29 07:51:29] Action: get_current_trainers
[2025-03-29 07:58:22] Action: get_current_trainers
[2025-03-29 07:58:22] Action: get_current_members
[2025-03-29 08:05:22] Action: get_current_members
[2025-03-29 08:05:22] Action: get_current_trainers
[2025-03-29 08:49:17] Action: get_current_members
[2025-03-29 08:49:17] Action: get_current_trainers
[2025-03-29 08:49:17] Action: get_current_trainers
[2025-03-29 08:49:17] Action: get_current_members
[2025-03-29 08:49:17] Action: get_current_trainers
[2025-03-29 08:49:17] Action: get_current_members
[2025-03-29 08:49:18] Action: get_current_members
[2025-03-29 08:49:18] Action: get_current_trainers
[2025-03-29 08:56:20] Action: get_current_trainers
[2025-03-29 08:56:20] Action: get_current_members
[2025-03-29 08:56:20] Action: get_current_members
[2025-03-29 08:56:20] Action: get_current_trainers
[2025-03-29 08:56:20] Action: get_current_trainers
[2025-03-29 08:56:20] Action: get_current_members
[2025-03-29 08:56:21] Action: get_current_trainers
[2025-03-29 08:56:21] Action: get_current_members
[2025-03-29 09:17:02] Action: get_current_trainers
[2025-03-29 09:17:02] Action: get_current_members
[2025-03-29 13:54:58] Action: get_current_members
[2025-03-29 13:54:58] Action: get_current_trainers
[2025-03-29 14:02:09] Action: get_current_trainers
[2025-03-29 14:02:09] Action: get_current_members
[2025-03-29 14:19:57] Action: get_current_members
[2025-03-29 14:19:57] Action: get_current_trainers
[2025-03-29 14:29:54] Action: get_current_members
[2025-03-29 14:29:54] Action: get_current_trainers
[2025-03-29 16:07:00] Action: get_current_members
[2025-03-29 16:07:00] Action: get_current_trainers
[2025-03-29 16:17:58] Action: get_current_trainers
[2025-03-29 16:17:58] Action: get_current_members
[2025-03-29 16:18:28] Action: get_current_members
[2025-03-29 16:18:28] Action: get_current_trainers
[2025-03-29 16:20:47] Action: get_current_members
[2025-03-29 16:20:47] Action: get_current_trainers
[2025-03-29 16:21:17] Action: get_current_members
[2025-03-29 16:21:17] Action: get_current_trainers
[2025-03-29 16:21:47] Action: get_current_trainers
[2025-03-29 16:22:17] Action: get_current_members
[2025-03-29 16:22:17] Action: get_current_trainers
[2025-03-29 16:22:47] Action: get_current_members
[2025-03-29 16:22:47] Action: get_current_trainers
[2025-03-29 16:23:17] Action: get_current_members
[2025-03-29 16:23:17] Action: get_current_trainers
[2025-03-29 16:23:47] Action: get_current_members
[2025-03-29 16:23:47] Action: get_current_trainers
[2025-03-29 16:24:44] Action: get_current_trainers
[2025-03-29 16:25:44] Action: get_current_trainers
[2025-03-29 16:25:44] Action: get_current_members
[2025-03-29 16:26:44] Action: get_current_members
[2025-03-29 16:26:44] Action: get_current_trainers
[2025-03-29 16:27:44] Action: get_current_members
[2025-03-29 16:27:44] Action: get_current_trainers
[2025-03-29 16:28:44] Action: get_current_members
[2025-03-29 16:28:44] Action: get_current_trainers
[2025-03-29 16:29:44] Action: get_current_trainers
[2025-03-29 16:29:44] Action: get_current_members
[2025-03-29 16:30:44] Action: get_current_trainers
[2025-03-29 16:30:44] Action: get_current_members
[2025-03-29 16:31:23] Action: get_current_members
[2025-03-29 16:31:23] Action: get_current_trainers
[2025-03-29 16:31:25] Action: get_current_members
[2025-03-29 16:31:25] Action: get_current_trainers
[2025-03-29 16:31:26] Action: get_current_members
[2025-03-29 16:31:26] Action: get_current_trainers
[2025-03-29 16:31:26] Action: get_current_members
[2025-03-29 16:31:26] Action: get_current_trainers
[2025-03-29 16:31:27] Action: get_current_trainers
[2025-03-29 16:31:27] Action: get_current_members
[2025-03-29 16:31:57] Action: get_current_members
[2025-03-29 16:31:57] Action: get_current_trainers
[2025-03-29 16:32:27] Action: get_current_members
[2025-03-29 16:32:27] Action: get_current_trainers
[2025-03-29 16:32:57] Action: get_current_trainers
[2025-03-29 16:32:57] Action: get_current_members
[2025-03-29 16:33:25] Action: get_current_trainers
[2025-03-29 16:33:26] Action: get_current_members
[2025-03-29 16:33:26] Action: get_current_trainers
[2025-03-29 16:33:26] Action: get_current_members
[2025-03-29 16:33:26] Action: get_current_members
[2025-03-29 16:33:26] Action: get_current_trainers
[2025-03-29 16:33:26] Action: get_current_members
[2025-03-29 16:33:26] Action: get_current_trainers
[2025-03-29 16:33:26] Action: get_current_members
[2025-03-29 16:33:26] Action: get_current_trainers
[2025-03-29 16:33:57] Action: get_current_members

[2025-03-29 16:34:27] Action: get_current_trainers
[2025-03-29 16:34:27] Action: get_current_members
[2025-03-29 16:34:57] Action: get_current_trainers
[2025-03-29 16:34:57] Action: get_current_members
[2025-03-29 16:35:27] Action: get_current_trainers
[2025-03-29 16:35:27] Action: get_current_members
[2025-03-29 16:35:56] Action: get_current_members
[2025-03-29 16:35:56] Action: get_current_trainers
[2025-03-29 16:35:56] Action: get_current_members
[2025-03-29 16:35:56] Action: get_current_trainers
[2025-03-29 16:35:57] Action: get_current_members
[2025-03-29 16:35:57] Action: get_current_trainers
[2025-03-29 16:35:57] Action: get_current_members
[2025-03-29 16:35:57] Action: get_current_trainers
[2025-03-29 16:35:57] Action: get_current_members
[2025-03-29 16:35:57] Action: get_current_trainers
[2025-03-29 16:35:57] Action: get_current_trainers
[2025-03-29 16:35:57] Action: get_current_members
[2025-03-29 16:36:27] Action: get_current_members
[2025-03-29 16:36:27] Action: get_current_trainers
[2025-03-29 16:36:57] Action: get_current_members
[2025-03-29 16:36:57] Action: get_current_trainers
[2025-03-29 16:37:27] Action: get_current_members
[2025-03-29 16:37:27] Action: get_current_trainers
[2025-03-29 16:37:57] Action: get_current_members
[2025-03-29 16:37:57] Action: get_current_trainers
[2025-03-29 16:38:27] Action: get_current_members
[2025-03-29 16:38:27] Action: get_current_trainers
[2025-03-29 16:38:44] Action: get_current_trainers
[2025-03-29 16:38:44] Action: get_current_members
[2025-03-29 16:38:45] Action: get_current_trainers
[2025-03-29 16:38:45] Action: get_current_members
[2025-03-29 16:38:45] Action: get_current_trainers
[2025-03-29 16:38:45] Action: get_current_members
[2025-03-29 16:39:15] Action: get_current_members
[2025-03-29 16:39:15] Action: get_current_trainers
[2025-03-29 16:39:45] Action: get_current_trainers
[2025-03-29 16:39:45] Action: get_current_members
[2025-03-29 16:40:03] Action: get_current_trainers
[2025-03-29 16:40:04] Action: get_current_members
[2025-03-29 16:40:04] Action: get_current_trainers
[2025-03-29 16:40:04] Action: get_current_members
[2025-03-29 16:40:04] Action: get_current_trainers
[2025-03-29 16:40:05] Action: get_current_trainers
[2025-03-29 16:40:05] Action: get_current_members
[2025-03-29 16:40:35] Action: get_current_members
[2025-03-29 16:40:35] Action: get_current_trainers
[2025-03-29 16:41:05] Action: get_current_members
[2025-03-29 16:41:05] Action: get_current_trainers
[2025-03-29 16:41:35] Action: get_current_trainers
[2025-03-29 16:41:35] Action: get_current_members
[2025-03-29 16:42:05] Action: get_current_trainers
[2025-03-29 16:42:05] Action: get_current_members
[2025-03-29 16:42:35] Action: get_current_trainers
[2025-03-29 16:42:35] Action: get_current_members
[2025-03-29 16:43:36] Action: get_current_trainers
[2025-03-29 16:43:36] Action: get_current_members
[2025-03-29 16:44:37] Action: get_current_trainers
[2025-03-29 16:44:37] Action: get_current_members
[2025-03-29 16:45:38] Action: get_current_trainers
[2025-03-29 16:45:38] Action: get_current_members
[2025-03-29 16:46:39] Action: get_current_members
[2025-03-29 16:46:39] Action: get_current_trainers
[2025-03-29 16:47:40] Action: get_current_members
[2025-03-29 16:47:40] Action: get_current_trainers
[2025-03-29 16:48:41] Action: get_current_trainers
[2025-03-29 16:48:41] Action: get_current_members
[2025-03-29 16:49:42] Action: get_current_members
[2025-03-29 16:49:42] Action: get_current_trainers
[2025-03-29 16:50:43] Action: get_current_trainers
[2025-03-29 16:50:43] Action: get_current_members
[2025-03-29 16:51:05] Action: get_current_trainers
[2025-03-29 16:51:05] Action: get_current_members
[2025-03-29 16:51:35] Action: get_current_members
[2025-03-29 16:51:35] Action: get_current_trainers
[2025-03-29 16:52:05] Action: get_current_members
[2025-03-29 16:52:05] Action: get_current_trainers
[2025-03-29 16:52:35] Action: get_current_members
[2025-03-29 16:52:35] Action: get_current_trainers
[2025-03-29 16:53:05] Action: get_current_members

[2025-03-29 16:53:35] Action: get_current_trainers
[2025-03-29 16:53:35] Action: get_current_members
[2025-03-29 16:54:05] Action: get_current_trainers
[2025-03-29 16:54:05] Action: get_current_members
[2025-03-29 16:54:35] Action: get_current_members
[2025-03-29 16:54:35] Action: get_current_trainers
[2025-03-29 16:55:05] Action: get_current_members
[2025-03-29 16:55:05] Action: get_current_trainers
[2025-03-29 16:55:44] Action: get_current_trainers
[2025-03-29 16:55:44] Action: get_current_members
[2025-03-29 16:56:44] Action: get_current_members
[2025-03-29 16:56:44] Action: get_current_trainers
[2025-03-29 16:57:05] Action: get_current_trainers
[2025-03-29 16:57:05] Action: get_current_members
[2025-03-29 16:57:35] Action: get_current_members
[2025-03-29 16:57:35] Action: get_current_trainers
[2025-03-29 16:58:05] Action: get_current_trainers
[2025-03-29 16:58:05] Action: get_current_members
[2025-03-29 16:58:44] Action: get_current_trainers
[2025-03-29 16:59:44] Action: get_current_members
[2025-03-29 16:59:44] Action: get_current_trainers
[2025-03-29 17:00:43] Action: get_current_members
[2025-03-29 17:00:43] Action: get_current_trainers
[2025-03-29 17:01:05] Action: get_current_trainers
[2025-03-29 17:01:05] Action: get_current_members
[2025-03-29 17:01:35] Action: get_current_members
[2025-03-29 17:01:35] Action: get_current_trainers
[2025-03-29 17:02:05] Action: get_current_trainers
[2025-03-29 17:02:05] Action: get_current_members
[2025-03-29 17:02:35] Action: get_current_members

[2025-03-29 17:02:48] Action: get_current_members
[2025-03-29 17:02:48] Action: get_current_trainers
[2025-03-29 17:02:51] Action: get_current_members
[2025-03-29 17:02:51] Action: get_current_trainers
[2025-03-29 17:03:16] Action: get_current_trainers
[2025-03-29 17:03:17] Action: get_current_members
[2025-03-29 17:03:17] Action: get_current_trainers
[2025-03-29 17:03:17] Action: get_current_members
[2025-03-29 17:03:17] Action: get_current_trainers
[2025-03-29 17:03:47] Action: get_current_trainers
[2025-03-29 17:03:47] Action: get_current_members
[2025-03-29 17:04:17] Action: get_current_trainers
[2025-03-29 17:04:17] Action: get_current_members
[2025-03-29 17:04:47] Action: get_current_trainers
[2025-03-29 17:04:47] Action: get_current_members
[2025-03-29 17:05:17] Action: get_current_members
[2025-03-29 17:05:17] Action: get_current_trainers
[2025-03-29 17:05:47] Action: get_current_trainers
[2025-03-29 17:05:47] Action: get_current_members
[2025-03-29 17:06:14] Action: get_current_members
[2025-03-29 17:06:14] Action: get_current_trainers
[2025-03-29 17:06:14] Action: get_current_trainers
[2025-03-29 17:06:14] Action: get_current_members
[2025-03-29 17:06:15] Action: get_current_trainers
[2025-03-29 17:06:45] Action: get_current_trainers
[2025-03-29 17:06:45] Action: get_current_members
[2025-03-29 17:07:15] Action: get_current_trainers
[2025-03-29 17:07:15] Action: get_current_members
[2025-03-29 17:08:27] Action: get_current_members
[2025-03-29 17:08:27] Action: get_current_trainers
[2025-03-29 17:08:31] Action: get_current_trainers
[2025-03-29 17:08:31] Action: get_current_members
[2025-03-29 17:09:01] Action: get_current_trainers
[2025-03-29 17:09:01] Action: get_current_members
[2025-03-29 17:09:31] Action: get_current_members
[2025-03-29 17:09:31] Action: get_current_trainers
[2025-03-29 17:10:01] Action: get_current_members
[2025-03-29 17:10:01] Action: get_current_trainers
[2025-03-29 17:10:02] Action: get_current_members
[2025-03-29 17:10:02] Action: get_current_trainers
[2025-03-29 17:10:03] Action: get_current_members
[2025-03-29 17:10:03] Action: get_current_trainers
[2025-03-29 17:10:03] Action: get_current_members
[2025-03-29 17:10:03] Action: get_current_trainers
[2025-03-29 17:10:33] Action: get_current_trainers
[2025-03-29 17:10:33] Action: get_current_members
[2025-03-29 17:10:49] Action: get_current_members
[2025-03-29 17:10:49] Action: get_current_trainers
[2025-03-29 17:10:50] Action: get_current_members
[2025-03-29 17:10:50] Action: get_current_trainers
[2025-03-29 17:10:50] Action: get_current_members
[2025-03-29 17:10:50] Action: get_current_trainers
[2025-03-29 17:10:50] Action: get_current_trainers
[2025-03-29 17:10:50] Action: get_current_members
[2025-03-29 17:10:51] Action: get_current_trainers
[2025-03-29 17:10:51] Action: get_current_members
[2025-03-29 17:10:51] Action: get_current_trainers
[2025-03-29 17:10:51] Action: get_current_members
[2025-03-29 17:11:21] Action: get_current_trainers
[2025-03-29 17:11:21] Action: get_current_members
[2025-03-29 17:11:27] Action: get_current_trainers
[2025-03-29 17:11:27] Action: get_current_members
[2025-03-29 17:11:29] Action: get_current_trainers
[2025-03-29 17:11:30] Action: get_current_trainers
[2025-03-29 17:11:30] Action: get_current_members
[2025-03-29 17:12:00] Action: get_current_members
[2025-03-29 17:12:00] Action: get_current_trainers
[2025-03-29 17:12:30] Action: get_current_members
[2025-03-29 17:12:30] Action: get_current_trainers
[2025-03-29 17:12:34] Action: get_current_trainers
[2025-03-29 17:12:34] Action: get_current_members
[2025-03-29 17:12:34] Action: get_current_trainers
[2025-03-29 17:12:34] Action: get_current_members
[2025-03-29 17:12:34] Action: get_current_trainers
[2025-03-29 17:12:35] Action: get_current_members
[2025-03-29 17:12:35] Action: get_current_trainers
[2025-03-29 17:12:35] Action: get_current_trainers
[2025-03-29 17:12:35] Action: get_current_members
[2025-03-29 17:12:36] Action: get_current_trainers
[2025-03-29 17:12:36] Action: get_current_members
[2025-03-29 17:13:07] Action: get_current_trainers
[2025-03-29 17:13:07] Action: get_current_members
[2025-03-29 17:13:37] Action: get_current_trainers
[2025-03-29 17:13:57] Action: get_current_trainers
[2025-03-29 17:13:57] Action: get_current_members
[2025-03-29 17:13:58] Action: get_current_members
[2025-03-29 17:13:58] Action: get_current_trainers
[2025-03-29 17:13:58] Action: get_current_members
[2025-03-29 17:13:58] Action: get_current_trainers
[2025-03-29 17:13:59] Action: get_current_members
[2025-03-29 17:13:59] Action: get_current_trainers
[2025-03-29 17:14:05] Action: get_current_members
[2025-03-29 17:14:05] Action: get_current_trainers
[2025-03-29 17:14:06] Action: get_current_trainers
[2025-03-29 17:14:06] Action: get_current_members
[2025-03-29 17:14:06] Action: get_current_members
[2025-03-29 17:14:06] Action: get_current_trainers
[2025-03-29 17:14:36] Action: get_current_trainers
[2025-03-29 17:14:36] Action: get_current_members
[2025-03-29 17:15:06] Action: get_current_members
[2025-03-29 17:15:06] Action: get_current_trainers
[2025-03-29 17:15:36] Action: get_current_trainers
[2025-03-29 17:16:06] Action: get_current_members
[2025-03-29 17:16:06] Action: get_current_trainers
[2025-03-29 17:16:36] Action: get_current_members

[2025-03-29 17:17:10] Action: get_current_trainers
[2025-03-29 17:17:10] Action: get_current_members
[2025-03-29 17:17:36] Action: get_current_members
[2025-03-29 17:17:36] Action: get_current_trainers
[2025-03-29 17:18:06] Action: get_current_trainers
[2025-03-29 17:18:06] Action: get_current_members
[2025-03-29 17:18:44] Action: get_current_members
[2025-03-29 17:18:44] Action: get_current_trainers
[2025-03-29 17:19:44] Action: get_current_trainers
[2025-03-29 17:20:44] Action: get_current_trainers
[2025-03-29 17:20:44] Action: get_current_members
[2025-03-29 17:21:44] Action: get_current_members
[2025-03-29 17:21:44] Action: get_current_trainers
[2025-03-29 17:22:44] Action: get_current_trainers
[2025-03-29 17:22:44] Action: get_current_members
[2025-03-29 17:23:44] Action: get_current_members
[2025-03-29 17:23:44] Action: get_current_trainers
[2025-03-29 17:24:44] Action: get_current_trainers
[2025-03-29 17:24:44] Action: get_current_members
[2025-03-29 17:25:44] Action: get_current_trainers
[2025-03-29 17:25:44] Action: get_current_members
[2025-03-29 17:26:44] Action: get_current_members
[2025-03-29 17:26:44] Action: get_current_trainers
[2025-03-29 17:27:44] Action: get_current_trainers
[2025-03-29 17:27:44] Action: get_current_members
[2025-03-29 17:28:44] Action: get_current_trainers
[2025-03-29 17:28:44] Action: get_current_members
[2025-03-29 17:29:44] Action: get_current_trainers
[2025-03-29 17:29:44] Action: get_current_members
[2025-03-29 17:30:44] Action: get_current_members
[2025-03-29 17:30:44] Action: get_current_trainers
[2025-03-29 17:31:44] Action: get_current_members
[2025-03-29 17:31:44] Action: get_current_trainers
[2025-03-29 17:32:44] Action: get_current_trainers
[2025-03-29 17:32:44] Action: get_current_members
[2025-03-29 17:33:44] Action: get_current_trainers
[2025-03-29 17:33:44] Action: get_current_members
[2025-03-29 17:34:44] Action: get_current_members
[2025-03-29 17:34:44] Action: get_current_trainers
[2025-03-29 17:35:44] Action: get_current_trainers
[2025-03-29 17:35:44] Action: get_current_members
[2025-03-29 17:36:44] Action: get_current_members
[2025-03-29 17:36:44] Action: get_current_trainers
[2025-03-29 17:37:44] Action: get_current_trainers
[2025-03-29 17:37:44] Action: get_current_members
[2025-03-29 17:38:44] Action: get_current_trainers
[2025-03-29 17:38:44] Action: get_current_members
[2025-03-29 17:39:44] Action: get_current_members
[2025-03-29 17:39:44] Action: get_current_trainers
[2025-03-29 17:40:44] Action: get_current_members
[2025-03-29 17:40:44] Action: get_current_trainers
[2025-03-29 17:41:44] Action: get_current_trainers
[2025-03-29 17:41:44] Action: get_current_members
[2025-03-29 17:42:44] Action: get_current_trainers
[2025-03-29 17:42:44] Action: get_current_members
[2025-03-29 17:43:32] Action: get_current_members
[2025-03-29 17:43:32] Action: get_current_trainers
[2025-03-29 17:43:36] Action: get_current_members
[2025-03-29 17:43:36] Action: get_current_trainers
[2025-03-29 17:44:06] Action: get_current_trainers
[2025-03-29 17:44:06] Action: get_current_members
[2025-03-29 17:44:44] Action: get_current_trainers
[2025-03-29 17:44:44] Action: get_current_members
[2025-03-29 17:45:06] Action: get_current_members
[2025-03-29 17:45:06] Action: get_current_trainers
[2025-03-31 08:22:47] Action: get_current_members
[2025-03-31 08:22:47] Action: get_current_trainers
[2025-03-31 08:22:51] Action: get_current_trainers
[2025-03-31 08:22:51] Action: get_current_members
[2025-03-31 08:22:52] Action: get_current_members
[2025-03-31 08:22:52] Action: get_current_trainers
[2025-03-31 08:22:56] Action: get_current_trainers
[2025-03-31 08:22:56] Action: get_current_members
[2025-03-31 08:22:57] Action: get_current_members
[2025-03-31 08:22:57] Action: get_current_trainers
[2025-03-31 08:22:57] Action: get_current_members
[2025-03-31 08:22:57] Action: get_current_trainers
[2025-03-31 08:23:00] Action: get_current_trainers
[2025-03-31 08:23:00] Action: get_current_members
[2025-03-31 08:23:31] Action: get_current_members
[2025-03-31 08:23:31] Action: get_current_trainers
[2025-03-31 08:24:01] Action: get_current_members
[2025-03-31 08:24:01] Action: get_current_trainers
[2025-03-31 08:24:31] Action: get_current_members
[2025-03-31 08:24:31] Action: get_current_trainers
[2025-03-31 08:25:01] Action: get_current_members
[2025-03-31 08:25:01] Action: get_current_trainers
[2025-03-31 08:25:31] Action: get_current_members
[2025-03-31 08:25:31] Action: get_current_trainers
[2025-03-31 08:26:32] Action: get_current_members
[2025-03-31 08:26:32] Action: get_current_trainers
[2025-03-31 08:27:31] Action: get_current_trainers
[2025-03-31 08:27:31] Action: get_current_members
[2025-03-31 08:27:35] Action: get_current_members
[2025-03-31 08:27:35] Action: get_current_trainers
[2025-03-31 08:27:36] Action: get_current_trainers
[2025-03-31 08:27:36] Action: get_current_members
[2025-03-31 08:28:07] Action: get_current_members

[2025-03-31 08:28:37] Action: get_current_members
[2025-03-31 08:28:37] Action: get_current_trainers
[2025-03-31 08:29:07] Action: get_current_members
[2025-03-31 08:29:07] Action: get_current_trainers
[2025-03-31 08:34:42] Action: get_checkedin_members
[2025-03-31 08:34:42] Action: get_current_trainers
[2025-03-31 08:35:12] Action: get_checkedin_members
[2025-03-31 08:35:12] Action: get_current_trainers
[2025-03-31 08:35:42] Action: get_current_trainers
[2025-03-31 08:35:42] Action: get_checkedin_members
[2025-03-31 08:36:12] Action: get_checkedin_members
[2025-03-31 08:36:12] Action: get_current_trainers
[2025-03-31 08:36:42] Action: get_checkedin_members
[2025-03-31 08:37:12] Action: get_checkedin_members
[2025-03-31 08:37:12] Action: get_current_trainers
[2025-03-31 08:37:45] Action: get_current_trainers
[2025-03-31 08:37:45] Action: get_checkedin_members
[2025-03-31 08:38:45] Action: get_checkedin_members
[2025-03-31 08:38:45] Action: get_current_trainers
[2025-03-31 08:38:53] Action: get_checkedin_members
[2025-03-31 08:38:53] Action: get_current_trainers
[2025-03-31 08:38:54] Action: get_checkedin_members
[2025-03-31 08:38:54] Action: get_current_trainers
[2025-03-31 08:39:24] Action: get_checkedin_members
[2025-03-31 08:39:24] Action: get_current_trainers
[2025-03-31 08:39:54] Action: get_checkedin_members
[2025-03-31 08:39:54] Action: get_current_trainers
[2025-03-31 08:40:24] Action: get_current_trainers
[2025-03-31 08:40:24] Action: get_checkedin_members
[2025-03-31 08:40:32] Action: get_checkedin_members
[2025-03-31 08:40:32] Action: get_current_trainers
[2025-03-31 08:40:32] Action: get_checkedin_members
[2025-03-31 08:40:32] Action: get_current_trainers
[2025-03-31 08:41:03] Action: get_checkedin_members
[2025-03-31 08:41:03] Action: get_current_trainers
[2025-03-31 08:41:33] Action: get_checkedin_members
[2025-03-31 08:41:33] Action: get_current_trainers
[2025-03-31 08:42:03] Action: get_current_trainers
[2025-03-31 08:42:03] Action: get_checkedin_members
[2025-03-31 08:42:32] Action: get_checkedin_members
[2025-03-31 08:42:32] Action: get_current_trainers
[2025-03-31 08:43:03] Action: get_checkedin_members
[2025-03-31 08:43:03] Action: get_current_trainers
[2025-03-31 08:43:33] Action: get_current_trainers
[2025-03-31 08:43:33] Action: get_checkedin_members
[2025-03-31 08:43:42] Action: get_current_trainers
[2025-03-31 08:43:43] Action: get_current_trainers
[2025-03-31 08:44:13] Action: get_current_trainers
[2025-03-31 08:44:43] Action: get_current_trainers
[2025-03-31 08:45:13] Action: get_current_trainers
[2025-03-31 08:45:43] Action: get_current_trainers
[2025-03-31 08:46:13] Action: get_current_trainers
[2025-03-31 08:46:39] Action: get_current_trainers
[2025-03-31 08:47:10] Action: get_current_trainers
[2025-03-31 08:50:24] Action: get_current_trainers
[2025-03-31 08:50:55] Action: get_current_trainers
[2025-03-31 08:51:00] Action: get_current_trainers
[2025-03-31 08:51:20] Action: get_current_trainers
[2025-03-31 08:51:34] Action: get_current_trainers
[2025-03-31 08:51:51] Action: get_current_trainers
[2025-03-31 08:52:36] Action: get_current_trainers
[2025-03-31 08:53:04] Action: get_current_trainers
[2025-03-31 08:53:05] Action: get_current_trainers
[2025-03-31 08:53:15] Action: get_current_trainers
[2025-03-31 08:53:16] Action: get_current_trainers
[2025-03-31 08:53:17] Action: get_current_trainers
[2025-03-31 08:53:48] Action: get_current_trainers
[2025-03-31 08:54:18] Action: get_current_trainers
[2025-03-31 08:54:48] Action: get_current_trainers
[2025-03-31 08:54:57] Action: get_current_trainers
[2025-03-31 08:54:57] Action: get_current_trainers
[2025-03-31 08:55:28] Action: get_current_trainers
[2025-03-31 08:55:58] Action: get_current_trainers
[2025-03-31 08:56:14] Action: get_current_trainers
[2025-03-31 08:56:16] Action: get_current_trainers
[2025-03-31 08:56:46] Action: get_current_trainers
[2025-03-31 08:56:51] Action: get_current_trainers
[2025-03-31 08:56:52] Action: get_current_trainers
[2025-03-31 08:56:58] Action: get_current_trainers
[2025-03-31 08:57:28] Action: get_current_trainers
[2025-03-31 08:57:58] Action: get_current_trainers
[2025-03-31 08:58:08] Action: get_current_trainers
[2025-03-31 08:58:38] Action: get_current_trainers
[2025-03-31 08:59:08] Action: get_current_trainers
[2025-03-31 08:59:25] Action: get_current_trainers
[2025-03-31 08:59:26] Action: get_current_trainers
[2025-03-31 08:59:36] Action: get_current_trainers
[2025-03-31 09:00:06] Action: get_current_trainers
[2025-03-31 09:00:36] Action: get_current_trainers
[2025-03-31 09:01:06] Action: get_current_trainers
[2025-03-31 09:01:36] Action: get_current_trainers
[2025-03-31 09:02:06] Action: get_current_trainers
[2025-03-31 10:14:56] Action: get_current_trainers
[2025-03-31 13:09:18] Action: get_current_trainers
[2025-03-31 13:22:57] Action: get_current_trainers
[2025-03-31 13:23:28] Action: get_current_trainers
[2025-03-31 13:23:59] Action: get_current_trainers
[2025-03-31 13:24:29] Action: get_current_trainers
[2025-03-31 13:24:59] Action: get_current_trainers
[2025-03-31 13:25:29] Action: get_current_trainers
[2025-03-31 13:25:59] Action: get_current_trainers
[2025-03-31 13:26:29] Action: get_current_trainers
[2025-03-31 13:26:59] Action: get_current_trainers
[2025-03-31 13:27:29] Action: get_current_trainers
[2025-03-31 13:27:59] Action: get_current_trainers
[2025-03-31 13:28:16] Action: get_current_trainers
[2025-03-31 13:31:25] Action: get_current_trainers
[2025-03-31 13:31:55] Action: get_current_trainers
[2025-03-31 13:32:25] Action: get_current_trainers
[2025-03-31 13:32:55] Action: get_current_trainers
[2025-03-31 13:33:25] Action: get_current_trainers
[2025-03-31 13:33:55] Action: get_current_trainers
[2025-03-31 13:34:25] Action: get_current_trainers
[2025-03-31 13:34:56] Action: get_current_trainers
[2025-03-31 13:35:26] Action: get_current_trainers
[2025-03-31 13:36:27] Action: get_current_trainers
[2025-03-31 13:37:28] Action: get_current_trainers
[2025-03-31 13:38:29] Action: get_current_trainers
[2025-03-31 13:39:30] Action: get_current_trainers
[2025-03-31 13:40:31] Action: get_current_trainers
[2025-03-31 13:41:32] Action: get_current_trainers
[2025-03-31 13:44:25] Action: get_current_trainers
[2025-03-31 13:44:35] Action: get_current_trainers
[2025-03-31 13:45:54] Action: get_current_trainers
[2025-03-31 13:46:24] Action: get_current_trainers
[2025-03-31 13:46:54] Action: get_current_trainers
[2025-03-31 13:47:24] Action: get_current_trainers
[2025-03-31 13:47:54] Action: get_current_trainers
[2025-03-31 13:48:14] Action: get_current_trainers
[2025-03-31 13:49:15] Action: get_current_trainers
[2025-03-31 13:52:06] Action: get_current_trainers
[2025-03-31 14:29:51] Action: get_current_trainers
[2025-03-31 14:30:21] Action: get_current_trainers
[2025-03-31 14:30:52] Action: get_current_trainers
[2025-03-31 14:31:22] Action: get_current_trainers
[2025-03-31 14:31:52] Action: get_current_trainers
[2025-03-31 14:32:22] Action: get_current_trainers
[2025-03-31 14:32:52] Action: get_current_trainers
[2025-03-31 14:33:22] Action: get_current_trainers
[2025-03-31 14:33:52] Action: get_current_trainers
[2025-03-31 14:34:22] Action: get_current_trainers
[2025-03-31 14:35:23] Action: get_current_trainers
[2025-04-03 06:09:47] Action: get_current_trainers
[2025-04-03 06:10:17] Action: get_current_trainers
[2025-04-03 06:10:47] Action: get_current_trainers
[2025-04-03 06:10:57] Action: get_current_trainers
[2025-04-03 06:11:27] Action: get_current_trainers
[2025-04-03 06:11:57] Action: get_current_trainers
[2025-04-03 06:12:27] Action: get_current_trainers
[2025-04-03 06:12:57] Action: get_current_trainers
[2025-04-03 06:13:27] Action: get_current_trainers
[2025-04-03 06:14:28] Action: get_current_trainers
[2025-04-03 06:15:29] Action: get_current_trainers
[2025-04-03 06:56:30] Action: get_current_trainers
[2025-04-03 06:57:11] Action: get_current_trainers
[2025-04-03 06:57:42] Action: get_current_trainers
[2025-04-03 06:58:04] Action: get_current_trainers
[2025-04-03 06:58:20] Action: get_current_trainers
[2025-04-03 06:58:50] Action: get_current_trainers
[2025-04-03 06:59:20] Action: get_current_trainers
[2025-04-03 06:59:50] Action: get_current_trainers
[2025-04-03 07:00:20] Action: get_current_trainers
[2025-04-03 18:12:23] Action: get_current_trainers
[2025-04-04 17:07:21] Action: get_current_trainers
[2025-04-05 06:13:08] Action: get_current_trainers
[2025-04-05 06:13:39] Action: get_current_trainers
[2025-04-05 06:13:52] Action: get_current_trainers
[2025-04-05 06:13:59] Action: get_current_trainers
[2025-04-05 06:14:30] Action: get_current_trainers
[2025-04-05 06:15:00] Action: get_current_trainers
[2025-04-05 06:15:30] Action: get_current_trainers
[2025-04-05 06:16:00] Action: get_current_trainers
[2025-04-05 06:16:30] Action: get_current_trainers
[2025-04-05 06:17:31] Action: get_current_trainers
[2025-04-05 06:18:04] Action: get_current_trainers
[2025-04-05 06:32:51] Action: get_current_trainers
[2025-04-05 06:35:10] Action: get_current_trainers
[2025-04-06 13:09:22] Action: get_current_trainers
[2025-04-06 13:11:52] Action: get_current_trainers
[2025-04-06 13:12:15] Action: get_current_trainers
[2025-04-06 13:12:55] Action: get_current_trainers
[2025-04-06 13:27:14] Action: get_current_trainers
[2025-04-07 19:56:46] Action: get_current_trainers
[2025-04-07 19:57:17] Action: get_current_trainers
[2025-04-07 19:57:47] Action: get_current_trainers
[2025-04-07 19:58:17] Action: get_current_trainers
[2025-04-07 19:58:46] Action: get_current_trainers
[2025-04-07 19:59:17] Action: get_current_trainers
[2025-04-07 19:59:47] Action: get_current_trainers
[2025-04-07 20:00:48] Action: get_current_trainers
[2025-04-07 20:01:49] Action: get_current_trainers
[2025-04-07 20:02:50] Action: get_current_trainers
[2025-04-07 20:03:51] Action: get_current_trainers
[2025-04-07 20:04:34] Action: get_current_trainers
[2025-04-07 20:04:47] Action: get_current_trainers
[2025-04-07 20:05:17] Action: get_current_trainers
[2025-04-07 20:06:12] Action: get_current_trainers
[2025-04-07 20:07:12] Action: get_current_trainers
[2025-04-07 20:07:22] Action: get_current_trainers
