[2025-03-05 18:18:14] Verification Attempt - Reg No: GYMSHARKMEMBER6942, Status: FAILED, Message: No matching member found
[2025-03-05 18:18:14] Verification Attempt - Reg No: GYMSHARKMEMBER6942, Status: FAILED, Message: No matching member found
[2025-03-05 18:18:14] Verification Attempt - Reg No: 6942, Status: SUCCESS, Message: Member found and verified
[2025-03-05 18:18:14] Verification Attempt - Reg No: 6942, Status: SUCCESS, Message: Member found and verified
[2025-03-05 18:18:14] Verification Attempt - Reg No: 6942, Status: SUCCESS, Message: Member found and verified
[2025-03-05 18:18:14] Verification Attempt - Reg No: GYMSHARKMEMBER6942, Status: FAILED, Message: No matching member found
[2025-03-05 18:18:14] Verification Attempt - Reg No: 6942, Status: SUCCESS, Message: Member found and verified
[2025-03-05 18:18:14] Verification Attempt - Reg No: 6942, Status: SUCCESS, Message: Member found and verified
[2025-03-05 18:18:14] Verification Attempt - Reg No: GYMSHARKMEMBER6942, Status: FAILED, Message: No matching member found
[2025-03-05 18:18:14] Verification Attempt - Reg No: 6942, Status: SUCCESS, Message: Member found and verified
[2025-03-05 18:18:14] Verification Attempt - Reg No: 6942, Status: SUCCESS, Message: Member found and verified
[2025-03-05 18:18:14] Verification Attempt - Reg No: GYMSHARKMEMBER6942, Status: FAILED, Message: No matching member found
[2025-03-05 18:18:14] Verification Attempt - Reg No: 6942, Status: SUCCESS, Message: Member found and verified
[2025-03-05 18:18:14] Verification Attempt - Reg No: GYMSHARKMEMBER6942, Status: FAILED, Message: No matching member found
[2025-03-05 18:18:14] Verification Attempt - Reg No: 6942, Status: SUCCESS, Message: Member found and verified
[2025-03-05 18:18:14] Verification Attempt - Reg No: 6942, Status: SUCCESS, Message: Member found and verified
[2025-03-05 19:11:41] Verification Attempt - Reg No: 6942, Status: SUCCESS, Message: Member found and verified
[2025-03-05 19:11:41] Verification Attempt - Reg No: GYMSHARKMEMBER6942, Status: FAILED, Message: No matching member found
[2025-03-05 19:11:41] Verification Attempt - Reg No: 6942, Status: SUCCESS, Message: Member found and verified
[2025-03-05 19:11:41] Verification Attempt - Reg No: GYMSHARKMEMBER6942, Status: FAILED, Message: No matching member found
[2025-03-05 19:11:41] Verification Attempt - Reg No: 6942, Status: SUCCESS, Message: Member found and verified
[2025-03-05 19:11:41] Verification Attempt - Reg No: 6942, Status: SUCCESS, Message: Member found and verified
[2025-03-05 19:11:41] Verification Attempt - Reg No: GYMSHARKMEMBER6942, Status: FAILED, Message: No matching member found
[2025-03-05 19:11:41] Verification Attempt - Reg No: 6942, Status: SUCCESS, Message: Member found and verified
[2025-03-05 19:11:41] Verification Attempt - Reg No: 6942, Status: SUCCESS, Message: Member found and verified
[2025-03-05 19:11:41] Verification Attempt - Reg No: GYMSHARKMEMBER6942, Status: FAILED, Message: No matching member found
[2025-03-05 19:11:41] Verification Attempt - Reg No: 6942, Status: SUCCESS, Message: Member found and verified
[2025-03-05 19:11:41] Verification Attempt - Reg No: 6942, Status: SUCCESS, Message: Member found and verified
[2025-03-06 06:23:10] Verification Attempt - Reg No: GYMSHARKMEMBER6942, Status: FAILED, Message: No matching member found
[2025-03-06 06:23:10] Verification Attempt - Reg No: 6942, Status: SUCCESS, Message: Member found and verified
[2025-03-06 06:23:10] Verification Attempt - Reg No: 6942, Status: SUCCESS, Message: Member found and verified
[2025-03-06 06:54:37] Verification Attempt - Reg No: 6942, Status: SUCCESS, Message: Member found and verified
[2025-03-06 06:54:37] Verification Attempt - Reg No: GYMSHARKMEMBER6942, Status: FAILED, Message: No matching member found
[2025-03-06 06:54:37] Verification Attempt - Reg No: 6942, Status: SUCCESS, Message: Member found and verified
[2025-03-06 06:54:38] Verification Attempt - Reg No: GYMSHARKMEMBER6942, Status: FAILED, Message: No matching member found
[2025-03-06 06:54:38] Verification Attempt - Reg No: 6942, Status: SUCCESS, Message: Member found and verified
[2025-03-06 06:54:38] Verification Attempt - Reg No: 6942, Status: SUCCESS, Message: Member found and verified
[2025-03-06 07:18:44] Verification Attempt - Reg No: 6942, Status: SUCCESS, Message: Member found and verified
[2025-03-06 07:18:44] Verification Attempt - Reg No: GYMSHARKMEMBER6942, Status: FAILED, Message: No matching member found
[2025-03-06 07:18:44] Verification Attempt - Reg No: 6942, Status: SUCCESS, Message: Member found and verified
[2025-03-06 07:18:44] Verification Attempt - Reg No: GYMSHARKMEMBER6942, Status: FAILED, Message: No matching member found
[2025-03-06 07:18:44] Verification Attempt - Reg No: 6942, Status: SUCCESS, Message: Member found and verified
[2025-03-06 07:18:44] Verification Attempt - Reg No: 6942, Status: SUCCESS, Message: Member found and verified
[2025-03-06 08:03:20] Verification Attempt - Reg No: GYMSHARKMEMBER6942, Status: FAILED, Message: No matching member found
[2025-03-06 08:03:20] Verification Attempt - Reg No: 6942, Status: SUCCESS, Message: Member found and verified
[2025-03-06 08:03:20] Verification Attempt - Reg No: 6942, Status: SUCCESS, Message: Member found and verified
[2025-03-06 08:52:16] Verification Attempt - Reg No: 6942, Status: SUCCESS, Message: Member found and verified
ember found
[2025-03-06 08:52:16] Verification Attempt - Reg No: 6942, Status: SUCCESS, Message: Member found and verified
[2025-03-06 08:52:16] Verification Attempt - Reg No: GYMSHARKMEMBER6942, Status: FAILED, Message: No matching member found
[2025-03-06 08:52:16] Verification Attempt - Reg No: 6942, Status: SUCCESS, Message: Member found and verified
[2025-03-06 08:52:16] Verification Attempt - Reg No: 6942, Status: SUCCESS, Message: Member found and verified
[2025-03-06 08:52:16] Verification Attempt - Reg No: GYMSHARKMEMBER6942, Status: FAILED, Message: No matching member found
[2025-03-06 08:52:16] Verification Attempt - Reg No: 6942, Status: SUCCESS, Message: Member found and verified
[2025-03-06 08:52:16] Verification Attempt - Reg No: 6942, Status: SUCCESS, Message: Member found and verified
[2025-03-06 08:52:16] Verification Attempt - Reg No: GYMSHARKMEMBER6942, Status: FAILED, Message: No matching member found
[2025-03-06 08:52:16] Verification Attempt - Reg No: 6942, Status: SUCCESS, Message: Member found and verified
[2025-03-06 08:52:16] Verification Attempt - Reg No: 6942, Status: SUCCESS, Message: Member found and verified
[2025-03-06 08:52:32] Verification Attempt - Reg No: GYMSHARKMEMBER6942, Status: FAILED, Message: No matching member found
[2025-03-06 08:52:32] Verification Attempt - Reg No: 6942, Status: SUCCESS, Message: Member found and verified
[2025-03-06 08:52:32] Verification Attempt - Reg No: 6942, Status: SUCCESS, Message: Member found and verified
[2025-03-06 08:52:33] Verification Attempt - Reg No: GYMSHARKMEMBER6942, Status: FAILED, Message: No matching member found
[2025-03-06 08:52:33] Verification Attempt - Reg No: 6942, Status: SUCCESS, Message: Member found and verified
[2025-03-06 08:52:33] Verification Attempt - Reg No: 6942, Status: SUCCESS, Message: Member found and verified
[2025-03-06 08:52:33] Verification Attempt - Reg No: GYMSHARKMEMBER6942, Status: FAILED, Message: No matching member found
[2025-03-06 08:52:33] Verification Attempt - Reg No: 6942, Status: SUCCESS, Message: Member found and verified
[2025-03-06 08:52:33] Verification Attempt - Reg No: 6942, Status: SUCCESS, Message: Member found and verified
[2025-03-06 08:52:33] Verification Attempt - Reg No: GYMSHARKMEMBER6942, Status: FAILED, Message: No matching member found
[2025-03-06 08:52:33] Verification Attempt - Reg No: 6942, Status: SUCCESS, Message: Member found and verified
[2025-03-06 08:52:33] Verification Attempt - Reg No: 6942, Status: SUCCESS, Message: Member found and verified
[2025-03-06 08:52:33] Verification Attempt - Reg No: GYMSHARKMEMBER6942, Status: FAILED, Message: No matching member found
[2025-03-06 08:52:33] Verification Attempt - Reg No: 6942, Status: SUCCESS, Message: Member found and verified
[2025-03-06 08:52:33] Verification Attempt - Reg No: 6942, Status: SUCCESS, Message: Member found and verified
[2025-03-06 08:52:33] Verification Attempt - Reg No: GYMSHARKMEMBER6942, Status: FAILED, Message: No matching member found
[2025-03-06 08:52:34] Verification Attempt - Reg No: 6942, Status: SUCCESS, Message: Member found and verified
[2025-03-06 08:52:34] Verification Attempt - Reg No: 6942, Status: SUCCESS, Message: Member found and verified
[2025-03-06 16:17:53] Verification Attempt - Reg No: 6942, Status: SUCCESS, Message: Member found and verified
[2025-03-06 16:17:54] Verification Attempt - Reg No: 6942, Status: SUCCESS, Message: Member found and verified
[2025-03-06 16:17:54] Verification Attempt - Reg No: 6942, Status: SUCCESS, Message: Member found and verified
[2025-03-06 16:22:04] Verification Attempt - Reg No: 6942, Status: SUCCESS, Message: Member found and verified
ember found
[2025-03-06 16:22:04] Verification Attempt - Reg No: 6942, Status: SUCCESS, Message: Member found and verified
[2025-03-06 16:22:04] Verification Attempt - Reg No: GYMSHARKMEMBER6942, Status: FAILED, Message: No matching member found
[2025-03-06 16:22:04] Verification Attempt - Reg No: 6942, Status: SUCCESS, Message: Member found and verified
[2025-03-06 16:22:04] Verification Attempt - Reg No: 6942, Status: SUCCESS, Message: Member found and verified
[2025-03-06 16:22:04] Verification Attempt - Reg No: GYMSHARKMEMBER6942, Status: FAILED, Message: No matching member found
[2025-03-06 16:22:04] Verification Attempt - Reg No: 6942, Status: SUCCESS, Message: Member found and verified
[2025-03-06 16:22:04] Verification Attempt - Reg No: 6942, Status: SUCCESS, Message: Member found and verified
[2025-03-06 16:22:04] Verification Attempt - Reg No: GYMSHARKMEMBER6942, Status: FAILED, Message: No matching member found
[2025-03-06 16:22:04] Verification Attempt - Reg No: 6942, Status: SUCCESS, Message: Member found and verified
[2025-03-06 16:22:04] Verification Attempt - Reg No: 6942, Status: SUCCESS, Message: Member found and verified
[2025-03-06 16:22:05] Verification Attempt - Reg No: 6942, Status: SUCCESS, Message: Member found and verified
[2025-03-06 16:22:05] Verification Attempt - Reg No: GYMSHARKMEMBER6942, Status: FAILED, Message: No matching member found
[2025-03-06 16:22:05] Verification Attempt - Reg No: 6942, Status: SUCCESS, Message: Member found and verified
[2025-03-06 16:22:05] Verification Attempt - Reg No: GYMSHARKMEMBER6942, Status: FAILED, Message: No matching member found
[2025-03-06 16:22:05] Verification Attempt - Reg No: 6942, Status: SUCCESS, Message: Member found and verified
[2025-03-06 16:22:05] Verification Attempt - Reg No: 6942, Status: SUCCESS, Message: Member found and verified
[2025-03-06 16:22:05] Verification Attempt - Reg No: GYMSHARKMEMBER6942, Status: FAILED, Message: No matching member found
[2025-03-06 16:22:05] Verification Attempt - Reg No: 6942, Status: SUCCESS, Message: Member found and verified
[2025-03-06 16:22:05] Verification Attempt - Reg No: 6942, Status: SUCCESS, Message: Member found and verified
[2025-03-06 16:22:05] Verification Attempt - Reg No: GYMSHARKMEMBER6942, Status: FAILED, Message: No matching member found
[2025-03-06 16:22:05] Verification Attempt - Reg No: 6942, Status: SUCCESS, Message: Member found and verified
[2025-03-06 16:22:05] Verification Attempt - Reg No: 6942, Status: SUCCESS, Message: Member found and verified
[2025-03-06 16:22:05] Verification Attempt - Reg No: GYMSHARKMEMBER6942, Status: FAILED, Message: No matching member found
[2025-03-06 16:22:05] Verification Attempt - Reg No: 6942, Status: SUCCESS, Message: Member found and verified
[2025-03-06 16:22:05] Verification Attempt - Reg No: 6942, Status: SUCCESS, Message: Member found and verified
[2025-03-06 16:22:05] Verification Attempt - Reg No: GYMSHARKMEMBER6942, Status: FAILED, Message: No matching member found
[2025-03-06 16:22:05] Verification Attempt - Reg No: 6942, Status: SUCCESS, Message: Member found and verified
[2025-03-06 16:22:05] Verification Attempt - Reg No: 6942, Status: SUCCESS, Message: Member found and verified
[2025-03-06 16:22:05] Verification Attempt - Reg No: 6942, Status: SUCCESS, Message: Member found and verified
[2025-03-06 16:22:06] Verification Attempt - Reg No: GYMSHARKMEMBER6942, Status: FAILED, Message: No matching member found
[2025-03-06 16:22:06] Verification Attempt - Reg No: 6942, Status: SUCCESS, Message: Member found and verified
[2025-03-06 16:22:06] Verification Attempt - Reg No: GYMSHARKMEMBER6942, Status: FAILED, Message: No matching member found
[2025-03-06 16:22:06] Verification Attempt - Reg No: 6942, Status: SUCCESS, Message: Member found and verified
[2025-03-06 16:22:06] Verification Attempt - Reg No: 6942, Status: SUCCESS, Message: Member found and verified
[2025-03-06 16:22:06] Verification Attempt - Reg No: GYMSHARKMEMBER6942, Status: FAILED, Message: No matching member found
[2025-03-06 16:22:06] Verification Attempt - Reg No: 6942, Status: SUCCESS, Message: Member found and verified
[2025-03-06 16:22:06] Verification Attempt - Reg No: 6942, Status: SUCCESS, Message: Member found and verified
[2025-03-06 16:54:18] Verification Attempt - Reg No: GYMSHARKMEMBER6942, Status: FAILED, Message: No matching member found
[2025-03-06 16:54:18] Verification Attempt - Reg No: 6942, Status: SUCCESS, Message: Member found and verified
[2025-03-06 16:54:18] Verification Attempt - Reg No: 6942, Status: SUCCESS, Message: Member found and verified
[2025-03-06 17:06:49] Verification Attempt - Reg No: GYMSHARKMEMBER6942, Status: FAILED, Message: No matching member found
[2025-03-06 17:06:49] Verification Attempt - Reg No: 6942, Status: SUCCESS, Message: Member found and verified
[2025-03-06 17:06:49] Verification Attempt - Reg No: 6942, Status: SUCCESS, Message: Member found and verified
[2025-03-06 17:06:49] Verification Attempt - Reg No: GYMSHARKMEMBER6942, Status: FAILED, Message: No matching member found
[2025-03-06 17:06:49] Verification Attempt - Reg No: 6942, Status: SUCCESS, Message: Member found and verified
[2025-03-06 17:06:49] Verification Attempt - Reg No: 6942, Status: SUCCESS, Message: Member found and verified
[2025-03-06 17:09:44] Verification Attempt - Reg No: GYMSHARKMEMBER6942, Status: FAILED, Message: No matching member found
[2025-03-06 17:09:44] Verification Attempt - Reg No: 6942, Status: SUCCESS, Message: Member found and verified
[2025-03-06 17:09:44] Verification Attempt - Reg No: 6942, Status: SUCCESS, Message: Member found and verified
[2025-03-08 13:11:14] Verification Attempt - Reg No: 6942, Status: SUCCESS, Message: Member found and verified
ember found
[2025-03-08 13:11:14] Verification Attempt - Reg No: 6942, Status: SUCCESS, Message: Member found and verified
[2025-03-08 13:11:14] Verification Attempt - Reg No: 6942, Status: SUCCESS, Message: Member found and verified
[2025-03-08 13:11:14] Verification Attempt - Reg No: GYMSHARKMEMBER6942, Status: FAILED, Message: No matching member found
[2025-03-08 13:11:14] Verification Attempt - Reg No: 6942, Status: SUCCESS, Message: Member found and verified
[2025-03-08 13:11:14] Verification Attempt - Reg No: GYMSHARKMEMBER6942, Status: FAILED, Message: No matching member found
[2025-03-08 13:11:14] Verification Attempt - Reg No: 6942, Status: SUCCESS, Message: Member found and verified
[2025-03-08 13:11:14] Verification Attempt - Reg No: 6942, Status: SUCCESS, Message: Member found and verified
[2025-03-08 13:11:14] Verification Attempt - Reg No: GYMSHARKMEMBER6942, Status: FAILED, Message: No matching member found
[2025-03-08 13:11:14] Verification Attempt - Reg No: 6942, Status: SUCCESS, Message: Member found and verified
[2025-03-08 13:11:14] Verification Attempt - Reg No: 6942, Status: SUCCESS, Message: Member found and verified
[2025-03-08 13:25:27] Verification Attempt - Reg No: GYMSHARKMEMBER6942, Status: FAILED, Message: No matching member found
[2025-03-08 13:25:27] Verification Attempt - Reg No: 6942, Status: SUCCESS, Message: Member found and verified
[2025-03-08 13:25:27] Verification Attempt - Reg No: 6942, Status: SUCCESS, Message: Member found and verified
[2025-03-08 13:25:28] Verification Attempt - Reg No: GYMSHARKMEMBER6942, Status: FAILED, Message: No matching member found
[2025-03-08 13:25:28] Verification Attempt - Reg No: 6942, Status: SUCCESS, Message: Member found and verified
[2025-03-08 13:25:28] Verification Attempt - Reg No: 6942, Status: SUCCESS, Message: Member found and verified
[2025-03-08 13:25:28] Verification Attempt - Reg No: GYMSHARKMEMBER6942, Status: FAILED, Message: No matching member found
[2025-03-08 13:25:28] Verification Attempt - Reg No: 6942, Status: SUCCESS, Message: Member found and verified
[2025-03-08 13:25:28] Verification Attempt - Reg No: 6942, Status: SUCCESS, Message: Member found and verified
[2025-03-08 14:35:02] Verification Attempt - Reg No: GYMSHARKMEMBER6942, Status: FAILED, Message: No matching member found
[2025-03-08 14:35:02] Verification Attempt - Reg No: 6942, Status: SUCCESS, Message: Member found and verified
[2025-03-08 14:35:02] Verification Attempt - Reg No: 6942, Status: SUCCESS, Message: Member found and verified
[2025-03-08 14:35:10] Verification Attempt - Reg No: GYMSHARKMEMBER6942, Status: FAILED, Message: No matching member found
[2025-03-08 14:35:10] Verification Attempt - Reg No: 6942, Status: SUCCESS, Message: Member found and verified
[2025-03-08 14:35:10] Verification Attempt - Reg No: 6942, Status: SUCCESS, Message: Member found and verified
[2025-03-08 14:35:48] Verification Attempt - Reg No: GYMSHARKMEMBER6942, Status: FAILED, Message: No matching member found
[2025-03-08 14:35:48] Verification Attempt - Reg No: 6942, Status: SUCCESS, Message: Member found and verified
[2025-03-08 14:35:48] Verification Attempt - Reg No: 6942, Status: SUCCESS, Message: Member found and verified
[2025-03-08 14:37:44] Verification Attempt - Reg No: GYMSHARKMEMBER6942, Status: FAILED, Message: No matching member found
[2025-03-08 14:37:44] Verification Attempt - Reg No: 6942, Status: SUCCESS, Message: Member found and verified
[2025-03-08 14:37:44] Verification Attempt - Reg No: 6942, Status: SUCCESS, Message: Member found and verified
[2025-03-08 14:37:44] Verification Attempt - Reg No: GYMSHARKMEMBER6942, Status: FAILED, Message: No matching member found
[2025-03-08 14:37:44] Verification Attempt - Reg No: 6942, Status: SUCCESS, Message: Member found and verified
[2025-03-08 14:37:44] Verification Attempt - Reg No: 6942, Status: SUCCESS, Message: Member found and verified
[2025-03-08 14:37:44] Verification Attempt - Reg No: GYMSHARKMEMBER6942, Status: FAILED, Message: No matching member found
[2025-03-08 14:37:44] Verification Attempt - Reg No: 6942, Status: SUCCESS, Message: Member found and verified
[2025-03-08 14:37:44] Verification Attempt - Reg No: 6942, Status: SUCCESS, Message: Member found and verified
[2025-03-08 14:37:44] Verification Attempt - Reg No: GYMSHARKMEMBER6942, Status: FAILED, Message: No matching member found
[2025-03-08 14:37:44] Verification Attempt - Reg No: 6942, Status: SUCCESS, Message: Member found and verified
[2025-03-08 14:37:44] Verification Attempt - Reg No: 6942, Status: SUCCESS, Message: Member found and verified
[2025-03-08 14:57:54] Verification Attempt - Reg No: GYMSHARKMEMBER6942, Status: FAILED, Message: No matching member found
[2025-03-08 14:57:54] Verification Attempt - Reg No: 6942, Status: SUCCESS, Message: Member found and verified
[2025-03-08 14:57:54] Verification Attempt - Reg No: 6942, Status: SUCCESS, Message: Member found and verified
[2025-03-08 14:57:55] Verification Attempt - Reg No: GYMSHARKMEMBER6942, Status: FAILED, Message: No matching member found
[2025-03-08 14:57:55] Verification Attempt - Reg No: 6942, Status: SUCCESS, Message: Member found and verified
[2025-03-08 14:57:55] Verification Attempt - Reg No: 6942, Status: SUCCESS, Message: Member found and verified
[2025-03-08 14:57:55] Verification Attempt - Reg No: GYMSHARKMEMBER6942, Status: FAILED, Message: No matching member found
[2025-03-08 14:57:55] Verification Attempt - Reg No: 6942, Status: SUCCESS, Message: Member found and verified
[2025-03-08 14:57:55] Verification Attempt - Reg No: 6942, Status: SUCCESS, Message: Member found and verified
[2025-03-08 14:57:55] Verification Attempt - Reg No: GYMSHARKMEMBER6942, Status: FAILED, Message: No matching member found
[2025-03-08 14:57:55] Verification Attempt - Reg No: 6942, Status: SUCCESS, Message: Member found and verified
[2025-03-08 14:57:55] Verification Attempt - Reg No: 6942, Status: SUCCESS, Message: Member found and verified
[2025-03-08 14:57:55] Verification Attempt - Reg No: GYMSHARKMEMBER6942, Status: FAILED, Message: No matching member found
[2025-03-08 14:57:55] Verification Attempt - Reg No: 6942, Status: SUCCESS, Message: Member found and verified
[2025-03-08 14:57:55] Verification Attempt - Reg No: 6942, Status: SUCCESS, Message: Member found and verified
[2025-03-08 14:57:55] Verification Attempt - Reg No: 6942, Status: SUCCESS, Message: Member found and verified
[2025-03-08 14:57:55] Verification Attempt - Reg No: GYMSHARKMEMBER6942, Status: FAILED, Message: No matching member found
[2025-03-08 14:57:55] Verification Attempt - Reg No: 6942, Status: SUCCESS, Message: Member found and verified
[2025-03-08 14:57:55] Verification Attempt - Reg No: 6942, Status: SUCCESS, Message: Member found and verified
[2025-03-08 14:57:55] Verification Attempt - Reg No: GYMSHARKMEMBER6942, Status: FAILED, Message: No matching member found
[2025-03-08 14:57:55] Verification Attempt - Reg No: 6942, Status: SUCCESS, Message: Member found and verified
[2025-03-08 14:57:55] Verification Attempt - Reg No: GYMSHARKMEMBER6942, Status: FAILED, Message: No matching member found
[2025-03-08 14:57:55] Verification Attempt - Reg No: 6942, Status: SUCCESS, Message: Member found and verified
[2025-03-08 14:57:55] Verification Attempt - Reg No: 6942, Status: SUCCESS, Message: Member found and verified
[2025-03-08 14:57:56] Verification Attempt - Reg No: GYMSHARKMEMBER6942, Status: FAILED, Message: No matching member found
[2025-03-08 14:57:56] Verification Attempt - Reg No: 6942, Status: SUCCESS, Message: Member found and verified
[2025-03-08 14:57:56] Verification Attempt - Reg No: 6942, Status: SUCCESS, Message: Member found and verified
[2025-03-08 14:57:56] Verification Attempt - Reg No: GYMSHARKMEMBER6942, Status: FAILED, Message: No matching member found
[2025-03-08 14:57:56] Verification Attempt - Reg No: 6942, Status: SUCCESS, Message: Member found and verified
[2025-03-08 14:57:56] Verification Attempt - Reg No: 6942, Status: SUCCESS, Message: Member found and verified
[2025-03-08 14:58:52] Verification Attempt - Reg No: GYMSHARKMEMBER6942, Status: FAILED, Message: No matching member found
[2025-03-08 14:58:52] Verification Attempt - Reg No: 6942, Status: SUCCESS, Message: Member found and verified
[2025-03-08 14:58:52] Verification Attempt - Reg No: 6942, Status: SUCCESS, Message: Member found and verified
[2025-03-08 14:58:52] Verification Attempt - Reg No: GYMSHARKMEMBER6942, Status: FAILED, Message: No matching member found
[2025-03-08 14:58:52] Verification Attempt - Reg No: 6942, Status: SUCCESS, Message: Member found and verified
[2025-03-08 14:58:52] Verification Attempt - Reg No: 6942, Status: SUCCESS, Message: Member found and verified
[2025-03-08 14:58:52] Verification Attempt - Reg No: GYMSHARKMEMBER6942, Status: FAILED, Message: No matching member found
[2025-03-08 14:58:52] Verification Attempt - Reg No: 6942, Status: SUCCESS, Message: Member found and verified
[2025-03-08 14:58:52] Verification Attempt - Reg No: 6942, Status: SUCCESS, Message: Member found and verified
[2025-03-08 14:58:52] Verification Attempt - Reg No: GYMSHARKMEMBER6942, Status: FAILED, Message: No matching member found
[2025-03-08 14:58:52] Verification Attempt - Reg No: 6942, Status: SUCCESS, Message: Member found and verified
[2025-03-08 14:58:52] Verification Attempt - Reg No: 6942, Status: SUCCESS, Message: Member found and verified
[2025-03-08 14:58:53] Verification Attempt - Reg No: 6942, Status: SUCCESS, Message: Member found and verified
[2025-03-08 14:58:53] Verification Attempt - Reg No: GYMSHARKMEMBER6942, Status: FAILED, Message: No matching member found
[2025-03-08 14:58:53] Verification Attempt - Reg No: 6942, Status: SUCCESS, Message: Member found and verified
[2025-03-08 14:58:53] Verification Attempt - Reg No: GYMSHARKMEMBER6942, Status: FAILED, Message: No matching member found
[2025-03-08 14:58:53] Verification Attempt - Reg No: 6942, Status: SUCCESS, Message: Member found and verified
[2025-03-08 14:58:53] Verification Attempt - Reg No: 6942, Status: SUCCESS, Message: Member found and verified
[2025-03-08 14:58:53] Verification Attempt - Reg No: 6942, Status: SUCCESS, Message: Member found and verified
[2025-03-08 14:58:53] Verification Attempt - Reg No: GYMSHARKMEMBER6942, Status: FAILED, Message: No matching member found
[2025-03-08 14:58:53] Verification Attempt - Reg No: 6942, Status: SUCCESS, Message: Member found and verified
[2025-03-08 14:58:53] Verification Attempt - Reg No: GYMSHARKMEMBER6942, Status: FAILED, Message: No matching member found
[2025-03-08 14:58:53] Verification Attempt - Reg No: 6942, Status: SUCCESS, Message: Member found and verified
[2025-03-08 14:58:53] Verification Attempt - Reg No: 6942, Status: SUCCESS, Message: Member found and verified
[2025-03-08 14:58:54] Verification Attempt - Reg No: 6942, Status: SUCCESS, Message: Member found and verified
ember found
[2025-03-08 14:58:54] Verification Attempt - Reg No: 6942, Status: SUCCESS, Message: Member found and verified
[2025-03-08 14:58:54] Verification Attempt - Reg No: GYMSHARKMEMBER6942, Status: FAILED, Message: No matching member found
[2025-03-08 14:58:54] Verification Attempt - Reg No: 6942, Status: SUCCESS, Message: Member found and verified
[2025-03-08 14:58:54] Verification Attempt - Reg No: 6942, Status: SUCCESS, Message: Member found and verified
[2025-03-08 17:18:59] Verification Attempt - Reg No: GYMSHARKMEMBER6942, Status: FAILED, Message: No matching member found
[2025-03-08 17:18:59] Verification Attempt - Reg No: 6942, Status: SUCCESS, Message: Member found and verified
[2025-03-08 17:18:59] Verification Attempt - Reg No: 6942, Status: SUCCESS, Message: Member found and verified
[2025-03-08 17:19:21] Verification Attempt - Reg No: 6942, Status: SUCCESS, Message: Member found and verified
[2025-03-08 17:19:21] Verification Attempt - Reg No: GYMSHARKMEMBER6942, Status: FAILED, Message: No matching member found
[2025-03-08 17:19:21] Verification Attempt - Reg No: 6942, Status: SUCCESS, Message: Member found and verified
[2025-03-08 17:19:22] Verification Attempt - Reg No: 6942, Status: SUCCESS, Message: Member found and verified
[2025-03-08 17:19:22] Verification Attempt - Reg No: GYMSHARKMEMBER6942, Status: FAILED, Message: No matching member found
[2025-03-08 17:19:22] Verification Attempt - Reg No: 6942, Status: SUCCESS, Message: Member found and verified
[2025-03-08 17:48:41] Verification Attempt - Reg No: 62345, Status: FAILED, Message: No matching member found
[2025-03-08 17:48:41] Verification Attempt - Reg No: GYMSHARKTRAINER62345, Status: FAILED, Message: No matching member found
[2025-03-08 17:48:41] Verification Attempt - Reg No: 62345, Status: FAILED, Message: No matching member found
[2025-03-08 17:48:41] Verification Attempt - Reg No: 62345, Status: FAILED, Message: No matching member found
[2025-03-08 17:48:41] Verification Attempt - Reg No: GYMSHARKTRAINER62345, Status: FAILED, Message: No matching member found
[2025-03-08 17:48:41] Verification Attempt - Reg No: 62345, Status: FAILED, Message: No matching member found
[2025-03-08 17:48:41] Verification Attempt - Reg No: 62345, Status: FAILED, Message: No matching member found
[2025-03-08 17:48:41] Verification Attempt - Reg No: GYMSHARKTRAINER62345, Status: FAILED, Message: No matching member found
[2025-03-08 17:48:41] Verification Attempt - Reg No: 62345, Status: FAILED, Message: No matching member found
[2025-03-08 17:48:41] Verification Attempt - Reg No: 62345, Status: FAILED, Message: No matching member found
[2025-03-08 17:48:41] Verification Attempt - Reg No: GYMSHARKTRAINER62345, Status: FAILED, Message: No matching member found
[2025-03-08 17:48:41] Verification Attempt - Reg No: 62345, Status: FAILED, Message: No matching member found
[2025-03-08 17:48:41] Verification Attempt - Reg No: GYMSHARKTRAINER62345, Status: FAILED, Message: No matching member found
[2025-03-08 17:48:41] Verification Attempt - Reg No: 62345, Status: FAILED, Message: No matching member found
[2025-03-08 17:48:41] Verification Attempt - Reg No: 62345, Status: FAILED, Message: No matching member found
[2025-03-08 17:48:42] Verification Attempt - Reg No: GYMSHARKTRAINER62345, Status: FAILED, Message: No matching member found
[2025-03-08 17:48:42] Verification Attempt - Reg No: 62345, Status: FAILED, Message: No matching member found
[2025-03-08 17:48:42] Verification Attempt - Reg No: 62345, Status: FAILED, Message: No matching member found
[2025-03-08 17:48:42] Verification Attempt - Reg No: GYMSHARKTRAINER62345, Status: FAILED, Message: No matching member found
[2025-03-08 17:48:42] Verification Attempt - Reg No: 62345, Status: FAILED, Message: No matching member found
[2025-03-08 17:48:42] Verification Attempt - Reg No: 62345, Status: FAILED, Message: No matching member found
[2025-03-08 17:48:43] Verification Attempt - Reg No: 62345, Status: FAILED, Message: No matching member found
[2025-03-08 17:48:43] Verification Attempt - Reg No: GYMSHARKTRAINER62345, Status: FAILED, Message: No matching member found
[2025-03-08 17:48:43] Verification Attempt - Reg No: 62345, Status: FAILED, Message: No matching member found
[2025-03-08 17:48:43] Verification Attempt - Reg No: GYMSHARKTRAINER62345, Status: FAILED, Message: No matching member found
[2025-03-08 17:48:43] Verification Attempt - Reg No: 62345, Status: FAILED, Message: No matching member found
[2025-03-08 17:48:43] Verification Attempt - Reg No: 62345, Status: FAILED, Message: No matching member found
[2025-03-08 17:48:43] Verification Attempt - Reg No: 62345, Status: FAILED, Message: No matching member found
[2025-03-08 17:48:43] Verification Attempt - Reg No: GYMSHARKTRAINER62345, Status: FAILED, Message: No matching member found
[2025-03-08 17:48:43] Verification Attempt - Reg No: 62345, Status: FAILED, Message: No matching member found
[2025-03-08 17:48:43] Verification Attempt - Reg No: 62345, Status: FAILED, Message: No matching member found
[2025-03-08 17:48:43] Verification Attempt - Reg No: GYMSHARKTRAINER62345, Status: FAILED, Message: No matching member found
[2025-03-08 17:48:43] Verification Attempt - Reg No: 62345, Status: FAILED, Message: No matching member found
[2025-03-08 17:48:43] Verification Attempt - Reg No: GYMSHARKTRAINER62345, Status: FAILED, Message: No matching member found
[2025-03-08 17:48:43] Verification Attempt - Reg No: 62345, Status: FAILED, Message: No matching member found
[2025-03-08 17:48:43] Verification Attempt - Reg No: 62345, Status: FAILED, Message: No matching member found
[2025-03-08 17:48:44] Verification Attempt - Reg No: GYMSHARKTRAINER62345, Status: FAILED, Message: No matching member found
[2025-03-08 17:48:44] Verification Attempt - Reg No: 62345, Status: FAILED, Message: No matching member found
[2025-03-08 17:48:44] Verification Attempt - Reg No: 62345, Status: FAILED, Message: No matching member found
[2025-03-08 17:48:44] Verification Attempt - Reg No: 62345, Status: FAILED, Message: No matching member found
[2025-03-08 17:48:44] Verification Attempt - Reg No: GYMSHARKTRAINER62345, Status: FAILED, Message: No matching member found
[2025-03-08 17:48:44] Verification Attempt - Reg No: 62345, Status: FAILED, Message: No matching member found
[2025-03-08 17:48:44] Verification Attempt - Reg No: 62345, Status: FAILED, Message: No matching member found
[2025-03-08 17:48:44] Verification Attempt - Reg No: GYMSHARKTRAINER62345, Status: FAILED, Message: No matching member found
[2025-03-08 17:48:44] Verification Attempt - Reg No: 62345, Status: FAILED, Message: No matching member found
[2025-03-08 17:48:56] Verification Attempt - Reg No: GYMSHARKTRAINER62345, Status: FAILED, Message: No matching member found
[2025-03-08 17:48:56] Verification Attempt - Reg No: 62345, Status: FAILED, Message: No matching member found
[2025-03-08 17:48:56] Verification Attempt - Reg No: 62345, Status: FAILED, Message: No matching member found
[2025-03-08 17:48:58] Verification Attempt - Reg No: 62345, Status: FAILED, Message: No matching member found
[2025-03-08 17:48:58] Verification Attempt - Reg No: GYMSHARKTRAINER62345, Status: FAILED, Message: No matching member found
[2025-03-08 17:48:58] Verification Attempt - Reg No: 62345, Status: FAILED, Message: No matching member found
[2025-03-08 17:48:58] Verification Attempt - Reg No: GYMSHARKTRAINER62345, Status: FAILED, Message: No matching member found
[2025-03-08 17:48:58] Verification Attempt - Reg No: 62345, Status: FAILED, Message: No matching member found
[2025-03-08 17:48:58] Verification Attempt - Reg No: 62345, Status: FAILED, Message: No matching member found
[2025-03-08 17:48:59] Verification Attempt - Reg No: GYMSHARKTRAINER62345, Status: FAILED, Message: No matching member found
[2025-03-08 17:48:59] Verification Attempt - Reg No: 62345, Status: FAILED, Message: No matching member found
[2025-03-08 17:48:59] Verification Attempt - Reg No: 62345, Status: FAILED, Message: No matching member found
[2025-03-08 17:48:59] Verification Attempt - Reg No: GYMSHARKTRAINER62345, Status: FAILED, Message: No matching member found
[2025-03-08 17:48:59] Verification Attempt - Reg No: 62345, Status: FAILED, Message: No matching member found
[2025-03-08 17:48:59] Verification Attempt - Reg No: 62345, Status: FAILED, Message: No matching member found
[2025-03-08 17:48:59] Verification Attempt - Reg No: GYMSHARKTRAINER62345, Status: FAILED, Message: No matching member found
[2025-03-08 17:48:59] Verification Attempt - Reg No: 62345, Status: FAILED, Message: No matching member found
[2025-03-08 17:48:59] Verification Attempt - Reg No: 62345, Status: FAILED, Message: No matching member found
[2025-03-08 17:48:59] Verification Attempt - Reg No: 62345, Status: FAILED, Message: No matching member found
[2025-03-08 17:48:59] Verification Attempt - Reg No: 62345, Status: FAILED, Message: No matching member found
[2025-03-08 17:48:59] Verification Attempt - Reg No: GYMSHARKTRAINER62345, Status: FAILED, Message: No matching member found
[2025-03-08 17:48:59] Verification Attempt - Reg No: GYMSHARKTRAINER62345, Status: FAILED, Message: No matching member found
[2025-03-08 17:48:59] Verification Attempt - Reg No: 62345, Status: FAILED, Message: No matching member found
[2025-03-08 17:48:59] Verification Attempt - Reg No: 62345, Status: FAILED, Message: No matching member found
[2025-03-08 17:49:00] Verification Attempt - Reg No: 62345, Status: FAILED, Message: No matching member found
[2025-03-08 17:49:00] Verification Attempt - Reg No: GYMSHARKTRAINER62345, Status: FAILED, Message: No matching member found
[2025-03-08 17:49:00] Verification Attempt - Reg No: 62345, Status: FAILED, Message: No matching member found
[2025-03-08 17:49:00] Verification Attempt - Reg No: GYMSHARKTRAINER62345, Status: FAILED, Message: No matching member found
[2025-03-08 17:49:00] Verification Attempt - Reg No: 62345, Status: FAILED, Message: No matching member found
[2025-03-08 17:49:00] Verification Attempt - Reg No: 62345, Status: FAILED, Message: No matching member found
[2025-03-09 06:29:03] Verification Attempt - Reg No: GYMSHARKTRAINER62345, Status: FAILED, Message: No matching member found
[2025-03-09 06:29:03] Verification Attempt - Reg No: 62345, Status: FAILED, Message: No matching member found
[2025-03-09 06:29:03] Verification Attempt - Reg No: GYMSHARKTRAINER62345, Status: FAILED, Message: No matching member found
[2025-03-09 06:29:03] Verification Attempt - Reg No: 62345, Status: FAILED, Message: No matching member found
[2025-03-09 06:29:03] Verification Attempt - Reg No: 62345, Status: FAILED, Message: No matching member found
[2025-03-09 06:29:03] Verification Attempt - Reg No: GYMSHARKTRAINER62345, Status: FAILED, Message: No matching member found
[2025-03-09 06:29:03] Verification Attempt - Reg No: 62345, Status: FAILED, Message: No matching member found
[2025-03-09 06:29:03] Verification Attempt - Reg No: 62345, Status: FAILED, Message: No matching member found
[2025-03-09 06:29:03] Verification Attempt - Reg No: GYMSHARKTRAINER62345, Status: FAILED, Message: No matching member found
[2025-03-09 06:29:03] Verification Attempt - Reg No: 62345, Status: FAILED, Message: No matching member found
[2025-03-09 06:29:03] Verification Attempt - Reg No: 62345, Status: FAILED, Message: No matching member found
[2025-03-09 06:29:03] Verification Attempt - Reg No: GYMSHARKTRAINER62345, Status: FAILED, Message: No matching member found
[2025-03-09 06:29:03] Verification Attempt - Reg No: 62345, Status: FAILED, Message: No matching member found
[2025-03-09 06:29:03] Verification Attempt - Reg No: 62345, Status: FAILED, Message: No matching member found
[2025-03-09 06:29:03] Verification Attempt - Reg No: GYMSHARKTRAINER62345, Status: FAILED, Message: No matching member found
[2025-03-09 06:29:03] Verification Attempt - Reg No: 62345, Status: FAILED, Message: No matching member found
[2025-03-09 06:29:03] Verification Attempt - Reg No: 62345, Status: FAILED, Message: No matching member found
[2025-03-09 06:29:03] Verification Attempt - Reg No: GYMSHARKTRAINER62345, Status: FAILED, Message: No matching member found
[2025-03-09 06:29:03] Verification Attempt - Reg No: 62345, Status: FAILED, Message: No matching member found
[2025-03-09 06:29:03] Verification Attempt - Reg No: 62345, Status: FAILED, Message: No matching member found
[2025-03-09 06:29:03] Verification Attempt - Reg No: GYMSHARKTRAINER62345, Status: FAILED, Message: No matching member found
[2025-03-09 06:29:03] Verification Attempt - Reg No: 62345, Status: FAILED, Message: No matching member found
[2025-03-09 06:29:03] Verification Attempt - Reg No: 62345, Status: FAILED, Message: No matching member found
[2025-03-09 06:29:04] Verification Attempt - Reg No: 62345, Status: FAILED, Message: No matching member found
[2025-03-09 06:29:04] Verification Attempt - Reg No: 62345, Status: FAILED, Message: No matching member found
[2025-03-09 06:29:04] Verification Attempt - Reg No: GYMSHARKTRAINER62345, Status: FAILED, Message: No matching member found
[2025-03-09 06:29:04] Verification Attempt - Reg No: GYMSHARKTRAINER62345, Status: FAILED, Message: No matching member found
[2025-03-09 06:29:04] Verification Attempt - Reg No: 62345, Status: FAILED, Message: No matching member found
[2025-03-09 06:29:04] Verification Attempt - Reg No: 62345, Status: FAILED, Message: No matching member found
[2025-03-09 06:29:32] Verification Attempt - Reg No: GYMSHARKMEMBER6942, Status: FAILED, Message: No matching member found
[2025-03-09 06:29:32] Verification Attempt - Reg No: 6942, Status: SUCCESS, Message: Member found and verified
[2025-03-09 06:29:32] Verification Attempt - Reg No: 6942, Status: SUCCESS, Message: Member found and verified
[2025-03-09 06:29:32] Verification Attempt - Reg No: GYMSHARKMEMBER6942, Status: FAILED, Message: No matching member found
[2025-03-09 06:29:32] Verification Attempt - Reg No: 6942, Status: SUCCESS, Message: Member found and verified
[2025-03-09 06:29:32] Verification Attempt - Reg No: 6942, Status: SUCCESS, Message: Member found and verified
[2025-03-09 06:29:32] Verification Attempt - Reg No: GYMSHARKMEMBER6942, Status: FAILED, Message: No matching member found
[2025-03-09 06:29:32] Verification Attempt - Reg No: 6942, Status: SUCCESS, Message: Member found and verified
[2025-03-09 06:29:32] Verification Attempt - Reg No: 6942, Status: SUCCESS, Message: Member found and verified
[2025-03-09 06:29:32] Verification Attempt - Reg No: 6942, Status: SUCCESS, Message: Member found and verified
[2025-03-09 06:29:32] Verification Attempt - Reg No: GYMSHARKMEMBER6942, Status: FAILED, Message: No matching member found
[2025-03-09 06:29:32] Verification Attempt - Reg No: 6942, Status: SUCCESS, Message: Member found and verified
[2025-03-09 06:29:32] Verification Attempt - Reg No: GYMSHARKMEMBER6942, Status: FAILED, Message: No matching member found
[2025-03-09 06:29:32] Verification Attempt - Reg No: 6942, Status: SUCCESS, Message: Member found and verified
[2025-03-09 06:29:32] Verification Attempt - Reg No: 6942, Status: SUCCESS, Message: Member found and verified
[2025-03-09 06:29:32] Verification Attempt - Reg No: GYMSHARKMEMBER6942, Status: FAILED, Message: No matching member found
[2025-03-09 06:29:32] Verification Attempt - Reg No: 6942, Status: SUCCESS, Message: Member found and verified
[2025-03-09 06:29:32] Verification Attempt - Reg No: 6942, Status: SUCCESS, Message: Member found and verified
[2025-03-09 06:29:33] Verification Attempt - Reg No: GYMSHARKMEMBER6942, Status: FAILED, Message: No matching member found
[2025-03-09 06:29:33] Verification Attempt - Reg No: 6942, Status: SUCCESS, Message: Member found and verified
[2025-03-09 06:29:33] Verification Attempt - Reg No: 6942, Status: SUCCESS, Message: Member found and verified
[2025-03-09 06:29:33] Verification Attempt - Reg No: GYMSHARKMEMBER6942, Status: FAILED, Message: No matching member found
[2025-03-09 06:29:33] Verification Attempt - Reg No: 6942, Status: SUCCESS, Message: Member found and verified
[2025-03-09 06:29:33] Verification Attempt - Reg No: 6942, Status: SUCCESS, Message: Member found and verified
[2025-03-09 06:29:33] Verification Attempt - Reg No: GYMSHARKMEMBER6942, Status: FAILED, Message: No matching member found
[2025-03-09 06:29:33] Verification Attempt - Reg No: 6942, Status: SUCCESS, Message: Member found and verified
[2025-03-09 06:29:33] Verification Attempt - Reg No: 6942, Status: SUCCESS, Message: Member found and verified
[2025-03-09 06:29:33] Verification Attempt - Reg No: GYMSHARKMEMBER6942, Status: FAILED, Message: No matching member found
[2025-03-09 06:29:33] Verification Attempt - Reg No: 6942, Status: SUCCESS, Message: Member found and verified
[2025-03-09 06:29:34] Verification Attempt - Reg No: 6942, Status: SUCCESS, Message: Member found and verified
[2025-03-09 06:29:34] Verification Attempt - Reg No: GYMSHARKMEMBER6942, Status: FAILED, Message: No matching member found
[2025-03-09 06:29:34] Verification Attempt - Reg No: 6942, Status: SUCCESS, Message: Member found and verified
[2025-03-09 06:29:34] Verification Attempt - Reg No: 6942, Status: SUCCESS, Message: Member found and verified
[2025-03-09 06:29:34] Verification Attempt - Reg No: GYMSHARKMEMBER6942, Status: FAILED, Message: No matching member found
[2025-03-09 06:29:34] Verification Attempt - Reg No: 6942, Status: SUCCESS, Message: Member found and verified
[2025-03-09 06:29:34] Verification Attempt - Reg No: 6942, Status: SUCCESS, Message: Member found and verified
[2025-03-09 06:29:35] Verification Attempt - Reg No: GYMSHARKMEMBER6942, Status: FAILED, Message: No matching member found
[2025-03-09 06:29:35] Verification Attempt - Reg No: 6942, Status: SUCCESS, Message: Member found and verified
[2025-03-09 06:29:35] Verification Attempt - Reg No: 6942, Status: SUCCESS, Message: Member found and verified
[2025-03-09 06:29:35] Verification Attempt - Reg No: GYMSHARKMEMBER6942, Status: FAILED, Message: No matching member found
[2025-03-09 06:29:35] Verification Attempt - Reg No: 6942, Status: SUCCESS, Message: Member found and verified
[2025-03-09 06:29:35] Verification Attempt - Reg No: 6942, Status: SUCCESS, Message: Member found and verified
[2025-03-09 06:29:35] Verification Attempt - Reg No: GYMSHARKMEMBER6942, Status: FAILED, Message: No matching member found
[2025-03-09 06:29:35] Verification Attempt - Reg No: 6942, Status: SUCCESS, Message: Member found and verified
[2025-03-09 06:29:35] Verification Attempt - Reg No: 6942, Status: SUCCESS, Message: Member found and verified
[2025-03-09 06:29:55] Verification Attempt - Reg No: GYMSHARKMEMBER6942, Status: FAILED, Message: No matching member found
[2025-03-09 06:29:55] Verification Attempt - Reg No: 6942, Status: SUCCESS, Message: Member found and verified
[2025-03-09 06:29:55] Verification Attempt - Reg No: 6942, Status: SUCCESS, Message: Member found and verified
[2025-03-09 06:29:55] Verification Attempt - Reg No: GYMSHARKMEMBER6942, Status: FAILED, Message: No matching member found
[2025-03-09 06:29:56] Verification Attempt - Reg No: 6942, Status: SUCCESS, Message: Member found and verified
[2025-03-09 06:29:56] Verification Attempt - Reg No: 6942, Status: SUCCESS, Message: Member found and verified
[2025-03-09 06:32:25] Verification Attempt - Reg No: GYMSHARKMEMBER6943, Status: FAILED, Message: No matching member found
[2025-03-09 06:32:25] Verification Attempt - Reg No: 6943, Status: SUCCESS, Message: Member found and verified
[2025-03-09 06:32:25] Verification Attempt - Reg No: 6943, Status: SUCCESS, Message: Member found and verified
[2025-03-09 06:32:26] Verification Attempt - Reg No: GYMSHARKMEMBER6943, Status: FAILED, Message: No matching member found
[2025-03-09 06:32:26] Verification Attempt - Reg No: 6943, Status: SUCCESS, Message: Member found and verified
[2025-03-09 06:32:26] Verification Attempt - Reg No: 6943, Status: SUCCESS, Message: Member found and verified
[2025-03-09 06:32:27] Verification Attempt - Reg No: GYMSHARKMEMBER6943, Status: FAILED, Message: No matching member found
[2025-03-09 06:32:27] Verification Attempt - Reg No: 6943, Status: SUCCESS, Message: Member found and verified
[2025-03-09 06:32:27] Verification Attempt - Reg No: 6943, Status: SUCCESS, Message: Member found and verified
[2025-03-09 06:32:27] Verification Attempt - Reg No: GYMSHARKMEMBER6943, Status: FAILED, Message: No matching member found
[2025-03-09 06:32:27] Verification Attempt - Reg No: 6943, Status: SUCCESS, Message: Member found and verified
[2025-03-09 06:32:27] Verification Attempt - Reg No: 6943, Status: SUCCESS, Message: Member found and verified
[2025-03-09 07:40:54] Verification Attempt - Reg No: GYMSHARKMEMBER6942, Status: FAILED, Message: No matching member found
[2025-03-09 07:40:54] Verification Attempt - Reg No: 6942, Status: SUCCESS, Message: Member found and verified
[2025-03-09 07:40:54] Verification Attempt - Reg No: 6942, Status: SUCCESS, Message: Member found and verified
[2025-03-09 07:40:54] Verification Attempt - Reg No: 6942, Status: SUCCESS, Message: Member found and verified
[2025-03-09 07:40:54] Verification Attempt - Reg No: GYMSHARKMEMBER6942, Status: FAILED, Message: No matching member found
[2025-03-09 07:40:54] Verification Attempt - Reg No: 6942, Status: SUCCESS, Message: Member found and verified
[2025-03-09 07:40:54] Verification Attempt - Reg No: GYMSHARKMEMBER6942, Status: FAILED, Message: No matching member found
[2025-03-09 07:40:54] Verification Attempt - Reg No: 6942, Status: SUCCESS, Message: Member found and verified
[2025-03-09 07:40:54] Verification Attempt - Reg No: 6942, Status: SUCCESS, Message: Member found and verified
[2025-03-09 07:40:54] Verification Attempt - Reg No: GYMSHARKMEMBER6942, Status: FAILED, Message: No matching member found
[2025-03-09 07:40:54] Verification Attempt - Reg No: 6942, Status: SUCCESS, Message: Member found and verified
[2025-03-09 07:40:54] Verification Attempt - Reg No: 6942, Status: SUCCESS, Message: Member found and verified
[2025-03-09 11:20:53] Verification Attempt - Reg No: GYMSHARKMEMBER6942, Status: FAILED, Message: No matching member found
[2025-03-09 11:20:53] Verification Attempt - Reg No: 6942, Status: SUCCESS, Message: Member found and verified
[2025-03-09 11:20:53] Verification Attempt - Reg No: 6942, Status: SUCCESS, Message: Member found and verified
[2025-03-09 11:20:54] Verification Attempt - Reg No: GYMSHARKMEMBER6942, Status: FAILED, Message: No matching member found
[2025-03-09 11:20:54] Verification Attempt - Reg No: 6942, Status: SUCCESS, Message: Member found and verified
[2025-03-09 11:20:54] Verification Attempt - Reg No: 6942, Status: SUCCESS, Message: Member found and verified
[2025-03-09 11:22:59] Verification Attempt - Reg No: GYMSHARKMEMBER6942, Status: FAILED, Message: No matching member found
[2025-03-09 11:22:59] Verification Attempt - Reg No: 6942, Status: SUCCESS, Message: Member found and verified
[2025-03-09 11:22:59] Verification Attempt - Reg No: 6942, Status: SUCCESS, Message: Member found and verified
[2025-03-09 11:22:59] Verification Attempt - Reg No: GYMSHARKMEMBER6942, Status: FAILED, Message: No matching member found
[2025-03-09 11:22:59] Verification Attempt - Reg No: 6942, Status: SUCCESS, Message: Member found and verified
[2025-03-09 11:22:59] Verification Attempt - Reg No: 6942, Status: SUCCESS, Message: Member found and verified
[2025-03-09 18:03:57] Verification Attempt - Reg No: GYMSHARKMEMBER6942, Status: FAILED, Message: No matching member found
[2025-03-09 18:03:57] Verification Attempt - Reg No: 6942, Status: SUCCESS, Message: Member found and verified
[2025-03-09 18:03:57] Verification Attempt - Reg No: 6942, Status: SUCCESS, Message: Member found and verified
[2025-03-09 18:19:22] Verification Attempt - Reg No: GYMSHARKMEMBER6942, Status: FAILED, Message: No matching member found
[2025-03-09 18:19:22] Verification Attempt - Reg No: 6942, Status: SUCCESS, Message: Member found and verified
[2025-03-09 18:19:22] Verification Attempt - Reg No: 6942, Status: SUCCESS, Message: Member found and verified
[2025-03-09 18:19:22] Verification Attempt - Reg No: GYMSHARKMEMBER6942, Status: FAILED, Message: No matching member found
[2025-03-09 18:19:22] Verification Attempt - Reg No: 6942, Status: SUCCESS, Message: Member found and verified
[2025-03-09 18:19:22] Verification Attempt - Reg No: 6942, Status: SUCCESS, Message: Member found and verified
[2025-03-09 18:19:22] Verification Attempt - Reg No: GYMSHARKMEMBER6942, Status: FAILED, Message: No matching member found
[2025-03-09 18:19:22] Verification Attempt - Reg No: 6942, Status: SUCCESS, Message: Member found and verified
[2025-03-09 18:19:22] Verification Attempt - Reg No: 6942, Status: SUCCESS, Message: Member found and verified
[2025-03-09 18:22:24] Verification Attempt - Reg No: 6942, Status: SUCCESS, Message: Member found and verified
[2025-03-09 18:22:24] Verification Attempt - Reg No: GYMSHARKMEMBER6942, Status: FAILED, Message: No matching member found
[2025-03-09 18:22:24] Verification Attempt - Reg No: 6942, Status: SUCCESS, Message: Member found and verified
[2025-03-09 18:22:24] Verification Attempt - Reg No: GYMSHARKMEMBER6942, Status: FAILED, Message: No matching member found
[2025-03-09 18:22:24] Verification Attempt - Reg No: 6942, Status: SUCCESS, Message: Member found and verified
[2025-03-09 18:22:24] Verification Attempt - Reg No: 6942, Status: SUCCESS, Message: Member found and verified
[2025-03-09 18:22:42] Verification Attempt - Reg No: 6942, Status: SUCCESS, Message: Member found and verified
[2025-03-09 18:22:42] Verification Attempt - Reg No: GYMSHARKMEMBER6942, Status: FAILED, Message: No matching member found
[2025-03-09 18:22:42] Verification Attempt - Reg No: 6942, Status: SUCCESS, Message: Member found and verified
[2025-03-09 18:22:43] Verification Attempt - Reg No: GYMSHARKMEMBER6942, Status: FAILED, Message: No matching member found
[2025-03-09 18:22:43] Verification Attempt - Reg No: 6942, Status: SUCCESS, Message: Member found and verified
[2025-03-09 18:22:43] Verification Attempt - Reg No: 6942, Status: SUCCESS, Message: Member found and verified
[2025-03-09 18:22:43] Verification Attempt - Reg No: GYMSHARKMEMBER6942, Status: FAILED, Message: No matching member found
[2025-03-09 18:22:43] Verification Attempt - Reg No: 6942, Status: SUCCESS, Message: Member found and verified
[2025-03-09 18:22:43] Verification Attempt - Reg No: 6942, Status: SUCCESS, Message: Member found and verified
[2025-03-09 18:22:43] Verification Attempt - Reg No: 6942, Status: SUCCESS, Message: Member found and verified
[2025-03-09 18:22:43] Verification Attempt - Reg No: GYMSHARKMEMBER6942, Status: FAILED, Message: No matching member found
[2025-03-09 18:22:43] Verification Attempt - Reg No: 6942, Status: SUCCESS, Message: Member found and verified
[2025-03-09 18:55:26] Verification Attempt - Reg No: GYMSHARKTRAINER62345, Status: FAILED, Message: No matching member found
[2025-03-09 18:55:26] Verification Attempt - Reg No: 62345, Status: FAILED, Message: No matching member found
[2025-03-09 18:55:26] Verification Attempt - Reg No: GYMSHARKTRAINER62345, Status: FAILED, Message: No matching member found
[2025-03-09 18:55:26] Verification Attempt - Reg No: 62345, Status: FAILED, Message: No matching member found
[2025-03-09 18:55:26] Verification Attempt - Reg No: 62345, Status: FAILED, Message: No matching member found
[2025-03-09 18:55:26] Verification Attempt - Reg No: GYMSHARKTRAINER62345, Status: FAILED, Message: No matching member found
[2025-03-09 18:55:26] Verification Attempt - Reg No: 62345, Status: FAILED, Message: No matching member found
[2025-03-09 18:55:26] Verification Attempt - Reg No: 62345, Status: FAILED, Message: No matching member found
[2025-03-09 18:55:26] Verification Attempt - Reg No: GYMSHARKTRAINER62345, Status: FAILED, Message: No matching member found
[2025-03-09 18:55:26] Verification Attempt - Reg No: 62345, Status: FAILED, Message: No matching member found
[2025-03-09 18:55:26] Verification Attempt - Reg No: 62345, Status: FAILED, Message: No matching member found
[2025-03-09 18:55:27] Verification Attempt - Reg No: GYMSHARKTRAINER62345, Status: FAILED, Message: No matching member found
[2025-03-09 18:55:27] Verification Attempt - Reg No: 62345, Status: FAILED, Message: No matching member found
[2025-03-09 18:55:27] Verification Attempt - Reg No: 62345, Status: FAILED, Message: No matching member found
[2025-03-09 19:04:39] Verification Attempt - Reg No: 6943, Status: SUCCESS, Message: Member found and verified
[2025-03-09 19:04:39] Verification Attempt - Reg No: GYMSHARKMEMBER6943, Status: FAILED, Message: No matching member found
[2025-03-09 19:04:39] Verification Attempt - Reg No: 6943, Status: SUCCESS, Message: Member found and verified
[2025-03-09 19:04:39] Verification Attempt - Reg No: GYMSHARKMEMBER6943, Status: FAILED, Message: No matching member found
[2025-03-09 19:04:39] Verification Attempt - Reg No: 6943, Status: SUCCESS, Message: Member found and verified
[2025-03-09 19:04:39] Verification Attempt - Reg No: 6943, Status: SUCCESS, Message: Member found and verified
[2025-03-09 19:04:40] Verification Attempt - Reg No: GYMSHARKMEMBER6943, Status: FAILED, Message: No matching member found
[2025-03-09 19:04:40] Verification Attempt - Reg No: 6943, Status: SUCCESS, Message: Member found and verified
[2025-03-09 19:04:40] Verification Attempt - Reg No: 6943, Status: SUCCESS, Message: Member found and verified
[2025-03-09 19:04:40] Verification Attempt - Reg No: GYMSHARKMEMBER6943, Status: FAILED, Message: No matching member found
[2025-03-09 19:04:40] Verification Attempt - Reg No: 6943, Status: SUCCESS, Message: Member found and verified
[2025-03-09 19:04:40] Verification Attempt - Reg No: 6943, Status: SUCCESS, Message: Member found and verified
[2025-03-09 19:04:40] Verification Attempt - Reg No: GYMSHARKMEMBER6943, Status: FAILED, Message: No matching member found
[2025-03-09 19:04:40] Verification Attempt - Reg No: 6943, Status: SUCCESS, Message: Member found and verified
[2025-03-09 19:04:40] Verification Attempt - Reg No: 6943, Status: SUCCESS, Message: Member found and verified
[2025-03-09 19:04:40] Verification Attempt - Reg No: GYMSHARKMEMBER6943, Status: FAILED, Message: No matching member found
[2025-03-09 19:04:40] Verification Attempt - Reg No: 6943, Status: SUCCESS, Message: Member found and verified
[2025-03-09 19:04:40] Verification Attempt - Reg No: 6943, Status: SUCCESS, Message: Member found and verified
[2025-03-09 19:04:40] Verification Attempt - Reg No: GYMSHARKMEMBER6943, Status: FAILED, Message: No matching member found
[2025-03-09 19:04:40] Verification Attempt - Reg No: 6943, Status: SUCCESS, Message: Member found and verified
[2025-03-09 19:04:40] Verification Attempt - Reg No: 6943, Status: SUCCESS, Message: Member found and verified
[2025-03-09 19:04:40] Verification Attempt - Reg No: GYMSHARKMEMBER6943, Status: FAILED, Message: No matching member found
[2025-03-09 19:04:40] Verification Attempt - Reg No: 6943, Status: SUCCESS, Message: Member found and verified
[2025-03-09 19:04:40] Verification Attempt - Reg No: 6943, Status: SUCCESS, Message: Member found and verified
[2025-03-09 19:04:41] Verification Attempt - Reg No: GYMSHARKMEMBER6943, Status: FAILED, Message: No matching member found
[2025-03-09 19:04:41] Verification Attempt - Reg No: 6943, Status: SUCCESS, Message: Member found and verified
[2025-03-09 19:04:41] Verification Attempt - Reg No: 6943, Status: SUCCESS, Message: Member found and verified
[2025-03-09 19:04:41] Verification Attempt - Reg No: GYMSHARKMEMBER6943, Status: FAILED, Message: No matching member found
[2025-03-09 19:04:41] Verification Attempt - Reg No: 6943, Status: SUCCESS, Message: Member found and verified
[2025-03-09 19:04:41] Verification Attempt - Reg No: 6943, Status: SUCCESS, Message: Member found and verified
[2025-03-09 19:04:41] Verification Attempt - Reg No: GYMSHARKMEMBER6943, Status: FAILED, Message: No matching member found
[2025-03-09 19:04:41] Verification Attempt - Reg No: 6943, Status: SUCCESS, Message: Member found and verified
[2025-03-09 19:04:41] Verification Attempt - Reg No: 6943, Status: SUCCESS, Message: Member found and verified
[2025-03-09 19:04:41] Verification Attempt - Reg No: 6943, Status: SUCCESS, Message: Member found and verified
[2025-03-09 19:04:41] Verification Attempt - Reg No: GYMSHARKMEMBER6943, Status: FAILED, Message: No matching member found
[2025-03-09 19:04:41] Verification Attempt - Reg No: 6943, Status: SUCCESS, Message: Member found and verified
[2025-03-09 19:04:42] Verification Attempt - Reg No: 6943, Status: SUCCESS, Message: Member found and verified
[2025-03-09 19:04:42] Verification Attempt - Reg No: 6943, Status: SUCCESS, Message: Member found and verified
[2025-03-09 19:04:42] Verification Attempt - Reg No: GYMSHARKMEMBER6943, Status: FAILED, Message: No matching member found
[2025-03-09 19:04:42] Verification Attempt - Reg No: GYMSHARKMEMBER6943, Status: FAILED, Message: No matching member found
[2025-03-09 19:04:42] Verification Attempt - Reg No: 6943, Status: SUCCESS, Message: Member found and verified
[2025-03-09 19:04:42] Verification Attempt - Reg No: 6943, Status: SUCCESS, Message: Member found and verified
[2025-03-09 19:04:42] Verification Attempt - Reg No: GYMSHARKMEMBER6943, Status: FAILED, Message: No matching member found
[2025-03-09 19:04:42] Verification Attempt - Reg No: 6943, Status: SUCCESS, Message: Member found and verified
[2025-03-09 19:04:42] Verification Attempt - Reg No: 6943, Status: SUCCESS, Message: Member found and verified
[2025-03-09 19:04:42] Verification Attempt - Reg No: GYMSHARKMEMBER6943, Status: FAILED, Message: No matching member found
[2025-03-09 19:04:42] Verification Attempt - Reg No: 6943, Status: SUCCESS, Message: Member found and verified
[2025-03-09 19:04:42] Verification Attempt - Reg No: 6943, Status: SUCCESS, Message: Member found and verified
[2025-03-09 19:04:43] Verification Attempt - Reg No: GYMSHARKMEMBER6943, Status: FAILED, Message: No matching member found
[2025-03-09 19:04:43] Verification Attempt - Reg No: 6943, Status: SUCCESS, Message: Member found and verified
[2025-03-09 19:04:43] Verification Attempt - Reg No: 6943, Status: SUCCESS, Message: Member found and verified
[2025-03-09 19:26:49] Verification Attempt - Reg No: GYMSHARKMEMBER6943, Status: FAILED, Message: No matching member found
[2025-03-09 19:26:49] Verification Attempt - Reg No: 6943, Status: SUCCESS, Message: Member found and verified
[2025-03-09 19:26:49] Verification Attempt - Reg No: 6943, Status: SUCCESS, Message: Member found and verified
[2025-03-09 19:26:49] Verification Attempt - Reg No: GYMSHARKMEMBER6943, Status: FAILED, Message: No matching member found
[2025-03-09 19:26:49] Verification Attempt - Reg No: 6943, Status: SUCCESS, Message: Member found and verified
[2025-03-09 19:26:49] Verification Attempt - Reg No: 6943, Status: SUCCESS, Message: Member found and verified
[2025-03-09 19:27:21] Verification Attempt - Reg No: GYMSHARKMEMBER6943, Status: FAILED, Message: No matching member found
[2025-03-09 19:27:21] Verification Attempt - Reg No: 6943, Status: SUCCESS, Message: Member found and verified
[2025-03-09 19:27:21] Verification Attempt - Reg No: 6943, Status: SUCCESS, Message: Member found and verified
[2025-03-09 19:27:21] Verification Attempt - Reg No: GYMSHARKMEMBER6943, Status: FAILED, Message: No matching member found
[2025-03-09 19:27:21] Verification Attempt - Reg No: 6943, Status: SUCCESS, Message: Member found and verified
[2025-03-09 19:27:21] Verification Attempt - Reg No: 6943, Status: SUCCESS, Message: Member found and verified
[2025-03-09 19:27:21] Verification Attempt - Reg No: GYMSHARKMEMBER6943, Status: FAILED, Message: No matching member found
[2025-03-09 19:27:21] Verification Attempt - Reg No: 6943, Status: SUCCESS, Message: Member found and verified
[2025-03-09 19:27:21] Verification Attempt - Reg No: 6943, Status: SUCCESS, Message: Member found and verified
[2025-03-09 19:27:21] Verification Attempt - Reg No: GYMSHARKMEMBER6943, Status: FAILED, Message: No matching member found
[2025-03-09 19:27:21] Verification Attempt - Reg No: 6943, Status: SUCCESS, Message: Member found and verified
[2025-03-09 19:27:21] Verification Attempt - Reg No: 6943, Status: SUCCESS, Message: Member found and verified
[2025-03-09 19:27:21] Verification Attempt - Reg No: GYMSHARKMEMBER6943, Status: FAILED, Message: No matching member found
[2025-03-09 19:27:21] Verification Attempt - Reg No: 6943, Status: SUCCESS, Message: Member found and verified
[2025-03-09 19:27:21] Verification Attempt - Reg No: 6943, Status: SUCCESS, Message: Member found and verified
[2025-03-09 19:27:21] Verification Attempt - Reg No: GYMSHARKMEMBER6943, Status: FAILED, Message: No matching member found
[2025-03-09 19:27:21] Verification Attempt - Reg No: 6943, Status: SUCCESS, Message: Member found and verified
[2025-03-09 19:27:21] Verification Attempt - Reg No: 6943, Status: SUCCESS, Message: Member found and verified
[2025-03-09 19:27:21] Verification Attempt - Reg No: GYMSHARKMEMBER6943, Status: FAILED, Message: No matching member found
[2025-03-09 19:27:21] Verification Attempt - Reg No: 6943, Status: SUCCESS, Message: Member found and verified
[2025-03-09 19:27:21] Verification Attempt - Reg No: 6943, Status: SUCCESS, Message: Member found and verified
[2025-03-09 19:30:28] Verification Attempt - Reg No: GYMSHARKMEMBER6943, Status: FAILED, Message: No matching member found
[2025-03-09 19:30:28] Verification Attempt - Reg No: 6943, Status: SUCCESS, Message: Member found and verified
[2025-03-09 19:30:28] Verification Attempt - Reg No: GYMSHARKMEMBER6943, Status: FAILED, Message: No matching member found
[2025-03-09 19:30:28] Verification Attempt - Reg No: 6943, Status: SUCCESS, Message: Member found and verified
[2025-03-09 19:30:28] Verification Attempt - Reg No: 6943, Status: SUCCESS, Message: Member found and verified
[2025-03-09 19:30:28] Verification Attempt - Reg No: GYMSHARKMEMBER6943, Status: FAILED, Message: No matching member found
[2025-03-09 19:30:28] Verification Attempt - Reg No: 6943, Status: SUCCESS, Message: Member found and verified
[2025-03-09 19:30:28] Verification Attempt - Reg No: 6943, Status: SUCCESS, Message: Member found and verified
[2025-03-09 19:30:28] Verification Attempt - Reg No: GYMSHARKMEMBER6943, Status: FAILED, Message: No matching member found
[2025-03-09 19:30:28] Verification Attempt - Reg No: 6943, Status: SUCCESS, Message: Member found and verified
[2025-03-09 19:30:28] Verification Attempt - Reg No: 6943, Status: SUCCESS, Message: Member found and verified
[2025-03-09 19:30:28] Verification Attempt - Reg No: GYMSHARKMEMBER6943, Status: FAILED, Message: No matching member found
[2025-03-09 19:30:28] Verification Attempt - Reg No: 6943, Status: SUCCESS, Message: Member found and verified
[2025-03-09 19:30:28] Verification Attempt - Reg No: 6943, Status: SUCCESS, Message: Member found and verified
[2025-03-09 19:30:29] Verification Attempt - Reg No: GYMSHARKMEMBER6943, Status: FAILED, Message: No matching member found
[2025-03-09 19:30:29] Verification Attempt - Reg No: 6943, Status: SUCCESS, Message: Member found and verified
[2025-03-09 19:30:29] Verification Attempt - Reg No: 6943, Status: SUCCESS, Message: Member found and verified
[2025-03-09 19:30:29] Verification Attempt - Reg No: GYMSHARKMEMBER6943, Status: FAILED, Message: No matching member found
[2025-03-09 19:30:29] Verification Attempt - Reg No: 6943, Status: SUCCESS, Message: Member found and verified
[2025-03-09 19:30:29] Verification Attempt - Reg No: 6943, Status: SUCCESS, Message: Member found and verified
[2025-03-09 19:30:29] Verification Attempt - Reg No: 6943, Status: SUCCESS, Message: Member found and verified
[2025-03-09 19:30:29] Verification Attempt - Reg No: GYMSHARKMEMBER6943, Status: FAILED, Message: No matching member found
[2025-03-09 19:30:29] Verification Attempt - Reg No: 6943, Status: SUCCESS, Message: Member found and verified
[2025-03-09 19:30:30] Verification Attempt - Reg No: GYMSHARKMEMBER6943, Status: FAILED, Message: No matching member found
[2025-03-09 19:30:30] Verification Attempt - Reg No: 6943, Status: SUCCESS, Message: Member found and verified
[2025-03-09 19:30:30] Verification Attempt - Reg No: 6943, Status: SUCCESS, Message: Member found and verified
[2025-03-09 19:30:30] Verification Attempt - Reg No: GYMSHARKMEMBER6943, Status: FAILED, Message: No matching member found
[2025-03-09 19:30:30] Verification Attempt - Reg No: 6943, Status: SUCCESS, Message: Member found and verified
[2025-03-09 19:30:30] Verification Attempt - Reg No: 6943, Status: SUCCESS, Message: Member found and verified
[2025-03-09 19:30:30] Verification Attempt - Reg No: GYMSHARKMEMBER6943, Status: FAILED, Message: No matching member found
[2025-03-09 19:30:30] Verification Attempt - Reg No: 6943, Status: SUCCESS, Message: Member found and verified
[2025-03-09 19:30:30] Verification Attempt - Reg No: 6943, Status: SUCCESS, Message: Member found and verified
[2025-03-09 19:30:30] Verification Attempt - Reg No: GYMSHARKMEMBER6943, Status: FAILED, Message: No matching member found
[2025-03-09 19:30:30] Verification Attempt - Reg No: 6943, Status: SUCCESS, Message: Member found and verified
[2025-03-09 19:30:30] Verification Attempt - Reg No: 6943, Status: SUCCESS, Message: Member found and verified
[2025-03-09 19:30:30] Verification Attempt - Reg No: GYMSHARKMEMBER6943, Status: FAILED, Message: No matching member found
[2025-03-09 19:30:31] Verification Attempt - Reg No: 6943, Status: SUCCESS, Message: Member found and verified
[2025-03-09 19:30:31] Verification Attempt - Reg No: 6943, Status: SUCCESS, Message: Member found and verified
[2025-03-09 19:30:31] Verification Attempt - Reg No: GYMSHARKMEMBER6943, Status: FAILED, Message: No matching member found
[2025-03-09 19:30:31] Verification Attempt - Reg No: 6943, Status: SUCCESS, Message: Member found and verified
[2025-03-09 19:30:31] Verification Attempt - Reg No: 6943, Status: SUCCESS, Message: Member found and verified
[2025-03-09 19:30:31] Verification Attempt - Reg No: GYMSHARKMEMBER6943, Status: FAILED, Message: No matching member found
[2025-03-09 19:30:31] Verification Attempt - Reg No: 6943, Status: SUCCESS, Message: Member found and verified
[2025-03-09 19:30:31] Verification Attempt - Reg No: 6943, Status: SUCCESS, Message: Member found and verified
[2025-03-09 19:30:31] Verification Attempt - Reg No: 6943, Status: SUCCESS, Message: Member found and verified
[2025-03-09 19:30:31] Verification Attempt - Reg No: GYMSHARKMEMBER6943, Status: FAILED, Message: No matching member found
[2025-03-09 19:30:31] Verification Attempt - Reg No: 6943, Status: SUCCESS, Message: Member found and verified
[2025-03-09 19:57:57] Verification Attempt - Reg No: NO_INPUT, Status: FAILED, Message: No registration number provided
[2025-03-09 19:58:32] Verification Attempt - Reg No: 6943, Status: SUCCESS, Message: Member found and verified
[2025-03-09 19:58:32] Verification Attempt - Reg No: GYMSHARKMEMBER6943, Status: FAILED, Message: No matching member found
[2025-03-09 19:58:32] Verification Attempt - Reg No: GYMSHARKMEMBER6943, Status: FAILED, Message: No matching member found
[2025-03-09 19:58:32] Verification Attempt - Reg No: 6943, Status: SUCCESS, Message: Member found and verified
[2025-03-09 19:58:32] Verification Attempt - Reg No: 6943, Status: SUCCESS, Message: Member found and verified
[2025-03-09 19:58:42] Verification Attempt - Reg No: NO_INPUT, Status: FAILED, Message: No registration number provided
[2025-03-09 19:58:44] Verification Attempt - Reg No: NO_INPUT, Status: FAILED, Message: No registration number provided
[2025-03-09 19:58:46] Verification Attempt - Reg No: NO_INPUT, Status: FAILED, Message: No registration number provided
[2025-03-09 19:58:47] Verification Attempt - Reg No: NO_INPUT, Status: FAILED, Message: No registration number provided
[2025-03-09 19:58:48] Verification Attempt - Reg No: NO_INPUT, Status: FAILED, Message: No registration number provided
[2025-03-09 19:58:56] Verification Attempt - Reg No: 6943, Status: SUCCESS, Message: Member found and verified
[2025-03-09 19:58:56] Verification Attempt - Reg No: GYMSHARKMEMBER6943, Status: FAILED, Message: No matching member found
[2025-03-09 19:58:56] Verification Attempt - Reg No: GYMSHARKMEMBER6943, Status: FAILED, Message: No matching member found
[2025-03-09 19:58:56] Verification Attempt - Reg No: 6943, Status: SUCCESS, Message: Member found and verified
[2025-03-09 19:58:56] Verification Attempt - Reg No: 6943, Status: SUCCESS, Message: Member found and verified
[2025-03-09 19:59:00] Verification Attempt - Reg No: NO_INPUT, Status: FAILED, Message: No registration number provided
[2025-03-09 19:59:04] Verification Attempt - Reg No: NO_INPUT, Status: FAILED, Message: No registration number provided
[2025-03-09 19:59:11] Verification Attempt - Reg No: GYMSHARKMEMBER6943, Status: FAILED, Message: No matching member found
[2025-03-09 19:59:11] Verification Attempt - Reg No: 6943, Status: SUCCESS, Message: Member found and verified
[2025-03-09 19:59:11] Verification Attempt - Reg No: GYMSHARKMEMBER6943, Status: FAILED, Message: No matching member found
[2025-03-09 19:59:11] Verification Attempt - Reg No: 6943, Status: SUCCESS, Message: Member found and verified
[2025-03-09 19:59:11] Verification Attempt - Reg No: 6943, Status: SUCCESS, Message: Member found and verified
[2025-03-09 19:59:22] Verification Attempt - Reg No: GYMSHARKMEMBER6943, Status: FAILED, Message: No matching member found
[2025-03-09 19:59:22] Verification Attempt - Reg No: 6943, Status: SUCCESS, Message: Member found and verified
[2025-03-09 19:59:22] Verification Attempt - Reg No: GYMSHARKMEMBER6943, Status: FAILED, Message: No matching member found
[2025-03-09 19:59:22] Verification Attempt - Reg No: 6943, Status: SUCCESS, Message: Member found and verified
[2025-03-09 19:59:22] Verification Attempt - Reg No: 6943, Status: SUCCESS, Message: Member found and verified
[2025-03-10 05:00:54] Verification Attempt - Reg No: NO_INPUT, Status: FAILED, Message: No registration number provided
[2025-03-10 05:01:04] Verification Attempt - Reg No: NO_INPUT, Status: FAILED, Message: No registration number provided
[2025-03-10 05:01:10] Verification Attempt - Reg No: NO_INPUT, Status: FAILED, Message: No registration number provided
[2025-03-10 05:02:40] Verification Attempt - Reg No: NO_INPUT, Status: FAILED, Message: No registration number provided
[2025-03-10 05:03:29] Verification Attempt - Reg No: NO_INPUT, Status: FAILED, Message: No registration number provided
[2025-03-10 05:03:33] Verification Attempt - Reg No: NO_INPUT, Status: FAILED, Message: No registration number provided
[2025-03-10 05:03:38] Verification Attempt - Reg No: NO_INPUT, Status: FAILED, Message: No registration number provided
[2025-03-10 05:04:01] Verification Attempt - Reg No: NO_INPUT, Status: FAILED, Message: No registration number provided
[2025-03-10 05:04:43] Verification Attempt - Reg No: 6942, Status: SUCCESS, Message: Member found and verified
[2025-03-10 05:04:43] Verification Attempt - Reg No: GYMSHARKMEMBER6942, Status: FAILED, Message: No matching member found
[2025-03-10 05:04:43] Verification Attempt - Reg No: GYMSHARKMEMBER6942, Status: FAILED, Message: No matching member found
[2025-03-10 05:04:44] Verification Attempt - Reg No: 6942, Status: SUCCESS, Message: Member found and verified
[2025-03-10 05:04:44] Verification Attempt - Reg No: 6942, Status: SUCCESS, Message: Member found and verified
[2025-03-10 05:04:49] Verification Attempt - Reg No: NO_INPUT, Status: FAILED, Message: No registration number provided
[2025-03-10 05:16:09] Verification Attempt - Reg No: NO_INPUT, Status: FAILED, Message: No registration number provided
[2025-03-10 05:16:18] Verification Attempt - Reg No: NO_INPUT, Status: FAILED, Message: No registration number provided
[2025-03-10 08:39:38] Verification Attempt - Reg No: NO_INPUT, Status: FAILED, Message: No registration number provided
[2025-03-10 08:39:51] Verification Attempt - Reg No: NO_INPUT, Status: FAILED, Message: No registration number provided
[2025-03-10 08:39:54] Verification Attempt - Reg No: NO_INPUT, Status: FAILED, Message: No registration number provided
[2025-03-10 08:40:33] Verification Attempt - Reg No: 6942, Status: SUCCESS, Message: Member found and verified
[2025-03-10 08:40:33] Verification Attempt - Reg No: 6942, Status: SUCCESS, Message: Member found and verified
[2025-03-10 08:40:33] Verification Attempt - Reg No: 6942, Status: SUCCESS, Message: Member found and verified
[2025-03-10 08:40:33] Verification Attempt - Reg No: GYMSHARKMEMBER6942, Status: FAILED, Message: No matching member found
[2025-03-10 08:40:33] Verification Attempt - Reg No: GYMSHARKMEMBER6942, Status: FAILED, Message: No matching member found
[2025-03-10 08:40:43] Verification Attempt - Reg No: NO_INPUT, Status: FAILED, Message: No registration number provided
[2025-03-10 08:40:47] Verification Attempt - Reg No: NO_INPUT, Status: FAILED, Message: No registration number provided
[2025-03-10 08:46:13] Verification Attempt - Reg No: NO_INPUT, Status: FAILED, Message: No registration number provided
[2025-03-10 08:49:11] Verification Attempt - Reg No: NO_INPUT, Status: FAILED, Message: No registration number provided
[2025-03-10 08:50:17] Verification Attempt - Reg No: NO_INPUT, Status: FAILED, Message: No registration number provided
[2025-03-10 08:51:20] Verification Attempt - Reg No: NO_INPUT, Status: FAILED, Message: No registration number provided
[2025-03-10 08:56:17] Verification Attempt - Reg No: NO_INPUT, Status: FAILED, Message: No registration number provided
[2025-03-10 09:14:05] Verification Attempt - Reg No: NO_INPUT, Status: FAILED, Message: No registration number provided
[2025-03-10 09:14:26] Verification Attempt - Reg No: 7365, Status: SUCCESS, Message: Member found and verified
[2025-03-10 09:14:26] Verification Attempt - Reg No: GYMSHARKMEMBER7365, Status: FAILED, Message: No matching member found
[2025-03-10 09:14:26] Verification Attempt - Reg No: GYMSHARKMEMBER7365, Status: FAILED, Message: No matching member found
[2025-03-10 09:14:26] Verification Attempt - Reg No: 7365, Status: SUCCESS, Message: Member found and verified
[2025-03-10 09:14:26] Verification Attempt - Reg No: 7365, Status: SUCCESS, Message: Member found and verified
[2025-03-10 09:14:38] Verification Attempt - Reg No: NO_INPUT, Status: FAILED, Message: No registration number provided
[2025-03-10 09:15:05] Verification Attempt - Reg No: NO_INPUT, Status: FAILED, Message: No registration number provided
[2025-03-10 09:15:22] Verification Attempt - Reg No: GYMSHARKMEMBER7365, Status: FAILED, Message: No matching member found
[2025-03-10 09:15:22] Verification Attempt - Reg No: 7365, Status: SUCCESS, Message: Member found and verified
[2025-03-10 09:15:22] Verification Attempt - Reg No: GYMSHARKMEMBER7365, Status: FAILED, Message: No matching member found
[2025-03-10 09:15:22] Verification Attempt - Reg No: 7365, Status: SUCCESS, Message: Member found and verified
[2025-03-10 09:15:22] Verification Attempt - Reg No: 7365, Status: SUCCESS, Message: Member found and verified
[2025-03-10 09:15:28] Verification Attempt - Reg No: NO_INPUT, Status: FAILED, Message: No registration number provided
[2025-03-10 09:15:30] Verification Attempt - Reg No: NO_INPUT, Status: FAILED, Message: No registration number provided
[2025-03-10 09:15:37] Verification Attempt - Reg No: 7365, Status: SUCCESS, Message: Member found and verified
[2025-03-10 09:15:37] Verification Attempt - Reg No: GYMSHARKMEMBER7365, Status: FAILED, Message: No matching member found
[2025-03-10 09:15:37] Verification Attempt - Reg No: 7365, Status: SUCCESS, Message: Member found and verified
ember found
[2025-03-10 09:15:37] Verification Attempt - Reg No: 7365, Status: SUCCESS, Message: Member found and verified
[2025-03-10 09:15:45] Verification Attempt - Reg No: GYMSHARKMEMBER7365, Status: FAILED, Message: No matching member found
[2025-03-10 09:15:45] Verification Attempt - Reg No: 7365, Status: SUCCESS, Message: Member found and verified
[2025-03-10 09:15:45] Verification Attempt - Reg No: 7365, Status: SUCCESS, Message: Member found and verified
[2025-03-10 09:15:45] Verification Attempt - Reg No: GYMSHARKMEMBER7365, Status: FAILED, Message: No matching member found
[2025-03-10 09:15:45] Verification Attempt - Reg No: 7365, Status: SUCCESS, Message: Member found and verified
[2025-03-10 09:15:52] Verification Attempt - Reg No: GYMSHARKMEMBER7365, Status: FAILED, Message: No matching member found
[2025-03-10 09:15:52] Verification Attempt - Reg No: 7365, Status: SUCCESS, Message: Member found and verified
[2025-03-10 09:15:52] Verification Attempt - Reg No: GYMSHARKMEMBER7365, Status: FAILED, Message: No matching member found
[2025-03-10 09:15:52] Verification Attempt - Reg No: 7365, Status: SUCCESS, Message: Member found and verified
[2025-03-10 09:15:52] Verification Attempt - Reg No: 7365, Status: SUCCESS, Message: Member found and verified
[2025-03-10 09:15:55] Verification Attempt - Reg No: 7365, Status: SUCCESS, Message: Member found and verified
[2025-03-10 09:15:55] Verification Attempt - Reg No: 7365, Status: SUCCESS, Message: Member found and verified
[2025-03-10 09:15:55] Verification Attempt - Reg No: GYMSHARKMEMBER7365, Status: FAILED, Message: No matching member found
[2025-03-10 09:15:55] Verification Attempt - Reg No: 7365, Status: SUCCESS, Message: Member found and verified
[2025-03-10 09:15:55] Verification Attempt - Reg No: GYMSHARKMEMBER7365, Status: FAILED, Message: No matching member found
[2025-03-10 09:16:02] Verification Attempt - Reg No: GYMSHARKMEMBER7365, Status: FAILED, Message: No matching member found
[2025-03-10 09:16:02] Verification Attempt - Reg No: GYMSHARKMEMBER7365, Status: FAILED, Message: No matching member found
[2025-03-10 09:16:02] Verification Attempt - Reg No: 7365, Status: SUCCESS, Message: Member found and verified
[2025-03-10 09:16:02] Verification Attempt - Reg No: 7365, Status: SUCCESS, Message: Member found and verified
[2025-03-10 09:16:02] Verification Attempt - Reg No: 7365, Status: SUCCESS, Message: Member found and verified
[2025-03-10 09:16:43] Verification Attempt - Reg No: NO_INPUT, Status: FAILED, Message: No registration number provided
[2025-03-10 09:17:13] Verification Attempt - Reg No: NO_INPUT, Status: FAILED, Message: No registration number provided
[2025-03-10 09:17:17] Verification Attempt - Reg No: NO_INPUT, Status: FAILED, Message: No registration number provided
[2025-03-10 09:19:01] Verification Attempt - Reg No: NO_INPUT, Status: FAILED, Message: No registration number provided
[2025-03-10 09:19:28] Verification Attempt - Reg No: NO_INPUT, Status: FAILED, Message: No registration number provided
[2025-03-10 09:23:42] Verification Attempt - Reg No: NO_INPUT, Status: FAILED, Message: No registration number provided
[2025-03-10 09:24:12] Verification Attempt - Reg No: NO_INPUT, Status: FAILED, Message: No registration number provided
[2025-03-10 09:24:42] Verification Attempt - Reg No: NO_INPUT, Status: FAILED, Message: No registration number provided
[2025-03-10 09:25:12] Verification Attempt - Reg No: NO_INPUT, Status: FAILED, Message: No registration number provided
[2025-03-10 09:25:42] Verification Attempt - Reg No: NO_INPUT, Status: FAILED, Message: No registration number provided
[2025-03-10 09:26:12] Verification Attempt - Reg No: NO_INPUT, Status: FAILED, Message: No registration number provided
[2025-03-10 09:26:21] Verification Attempt - Reg No: NO_INPUT, Status: FAILED, Message: No registration number provided
[2025-03-10 09:28:59] Verification Attempt - Reg No: NO_INPUT, Status: FAILED, Message: No registration number provided
[2025-03-10 09:29:14] Verification Attempt - Reg No: NO_INPUT, Status: FAILED, Message: No registration number provided
[2025-03-10 09:29:54] Verification Attempt - Reg No: NO_INPUT, Status: FAILED, Message: No registration number provided
[2025-03-10 09:31:50] Verification Attempt - Reg No: NO_INPUT, Status: FAILED, Message: No registration number provided
[2025-03-10 09:44:45] Verification Attempt - Reg No: NO_INPUT, Status: FAILED, Message: No registration number provided
[2025-03-10 10:15:24] Verification Attempt - Reg No: NO_INPUT, Status: FAILED, Message: No registration number provided
[2025-03-10 10:15:51] Verification Attempt - Reg No: NO_INPUT, Status: FAILED, Message: No registration number provided
[2025-03-10 10:16:36] Verification Attempt - Reg No: NO_INPUT, Status: FAILED, Message: No registration number provided
[2025-03-10 10:16:48] Verification Attempt - Reg No: NO_INPUT, Status: FAILED, Message: No registration number provided
[2025-03-10 10:17:50] Verification Attempt - Reg No: NO_INPUT, Status: FAILED, Message: No registration number provided
[2025-03-10 10:18:29] Verification Attempt - Reg No: 6943, Status: FAILED, Message: No matching member found
[2025-03-10 10:18:29] Verification Attempt - Reg No: 6943, Status: FAILED, Message: No matching member found
[2025-03-10 10:18:29] Verification Attempt - Reg No: GYMSHARKMEMBER6943, Status: FAILED, Message: No matching member found
[2025-03-10 10:18:29] Verification Attempt - Reg No: 6943, Status: FAILED, Message: No matching member found
[2025-03-10 10:18:29] Verification Attempt - Reg No: GYMSHARKMEMBER6943, Status: FAILED, Message: No matching member found
[2025-03-10 10:18:49] Verification Attempt - Reg No: GYMSHARKMEMBER7365, Status: FAILED, Message: No matching member found
[2025-03-10 10:18:49] Verification Attempt - Reg No: 7365, Status: SUCCESS, Message: Member found and verified
[2025-03-10 10:18:49] Verification Attempt - Reg No: GYMSHARKMEMBER7365, Status: FAILED, Message: No matching member found
[2025-03-10 10:18:49] Verification Attempt - Reg No: 7365, Status: SUCCESS, Message: Member found and verified
[2025-03-10 10:18:49] Verification Attempt - Reg No: 7365, Status: SUCCESS, Message: Member found and verified
[2025-03-10 10:19:09] Verification Attempt - Reg No: GYMSHARKMEMBER6942, Status: FAILED, Message: No matching member found
[2025-03-10 10:19:09] Verification Attempt - Reg No: 6942, Status: SUCCESS, Message: Member found and verified
[2025-03-10 10:19:09] Verification Attempt - Reg No: GYMSHARKMEMBER6942, Status: FAILED, Message: No matching member found
[2025-03-10 10:19:09] Verification Attempt - Reg No: 6942, Status: SUCCESS, Message: Member found and verified
[2025-03-10 10:19:09] Verification Attempt - Reg No: 6942, Status: SUCCESS, Message: Member found and verified
[2025-03-17 08:53:37] Verification Attempt - Reg No: NO_INPUT, Status: FAILED, Message: No registration number provided
[2025-03-17 08:53:43] Verification Attempt - Reg No: NO_INPUT, Status: FAILED, Message: No registration number provided
[2025-03-17 08:53:47] Verification Attempt - Reg No: NO_INPUT, Status: FAILED, Message: No registration number provided
[2025-03-17 08:54:15] Verification Attempt - Reg No: NO_INPUT, Status: FAILED, Message: No registration number provided
[2025-03-17 08:54:25] Verification Attempt - Reg No: GYMSHARKMEMBER7365, Status: FAILED, Message: No matching member found
[2025-03-17 08:54:25] Verification Attempt - Reg No: 7365, Status: SUCCESS, Message: Member found and verified
[2025-03-17 08:54:25] Verification Attempt - Reg No: GYMSHARKMEMBER7365, Status: FAILED, Message: No matching member found
[2025-03-17 08:54:25] Verification Attempt - Reg No: 7365, Status: SUCCESS, Message: Member found and verified
[2025-03-17 08:54:25] Verification Attempt - Reg No: 7365, Status: SUCCESS, Message: Member found and verified
[2025-03-17 08:54:30] Verification Attempt - Reg No: NO_INPUT, Status: FAILED, Message: No registration number provided
[2025-03-17 08:54:36] Verification Attempt - Reg No: NO_INPUT, Status: FAILED, Message: No registration number provided
[2025-03-17 08:54:40] Verification Attempt - Reg No: GYMSHARKMEMBER7365, Status: FAILED, Message: No matching member found
[2025-03-17 08:54:40] Verification Attempt - Reg No: 7365, Status: SUCCESS, Message: Member found and verified
[2025-03-17 08:54:40] Verification Attempt - Reg No: GYMSHARKMEMBER7365, Status: FAILED, Message: No matching member found
[2025-03-17 08:54:40] Verification Attempt - Reg No: 7365, Status: SUCCESS, Message: Member found and verified
[2025-03-17 08:54:40] Verification Attempt - Reg No: 7365, Status: SUCCESS, Message: Member found and verified
[2025-03-17 08:54:47] Verification Attempt - Reg No: NO_INPUT, Status: FAILED, Message: No registration number provided
[2025-03-17 08:57:10] Verification Attempt - Reg No: NO_INPUT, Status: FAILED, Message: No registration number provided
[2025-03-17 08:58:22] Verification Attempt - Reg No: NO_INPUT, Status: FAILED, Message: No registration number provided
[2025-03-17 08:58:26] Verification Attempt - Reg No: NO_INPUT, Status: FAILED, Message: No registration number provided
[2025-03-17 09:21:59] Verification Attempt - Reg No: NO_INPUT, Status: FAILED, Message: No registration number provided
[2025-03-17 09:22:50] Verification Attempt - Reg No: NO_INPUT, Status: FAILED, Message: No registration number provided
[2025-03-17 09:25:22] Verification Attempt - Reg No: NO_INPUT, Status: FAILED, Message: No registration number provided
[2025-03-17 09:43:41] Verification Attempt - Reg No: GYMSHARKMEMBER7365, Status: FAILED, Message: No matching member found
[2025-03-17 09:43:41] Verification Attempt - Reg No: 7365, Status: SUCCESS, Message: Member found and verified
[2025-03-17 09:43:41] Verification Attempt - Reg No: GYMSHARKMEMBER7365, Status: FAILED, Message: No matching member found
[2025-03-17 09:43:41] Verification Attempt - Reg No: 7365, Status: SUCCESS, Message: Member found and verified
[2025-03-17 09:43:41] Verification Attempt - Reg No: 7365, Status: SUCCESS, Message: Member found and verified
[2025-03-17 09:43:53] Verification Attempt - Reg No: GYMSHARKMEMBER7365, Status: FAILED, Message: No matching member found
[2025-03-17 09:43:53] Verification Attempt - Reg No: 7365, Status: SUCCESS, Message: Member found and verified
[2025-03-17 09:43:53] Verification Attempt - Reg No: GYMSHARKMEMBER7365, Status: FAILED, Message: No matching member found
[2025-03-17 09:43:53] Verification Attempt - Reg No: 7365, Status: SUCCESS, Message: Member found and verified
[2025-03-17 09:43:53] Verification Attempt - Reg No: 7365, Status: SUCCESS, Message: Member found and verified
[2025-03-18 06:30:34] Verification Attempt - Reg No: NO_INPUT, Status: FAILED, Message: No registration number provided
[2025-03-22 12:11:22] Verification Attempt - Reg No: NO_INPUT, Status: FAILED, Message: No registration number provided
[2025-03-22 12:11:30] Verification Attempt - Reg No: NO_INPUT, Status: FAILED, Message: No registration number provided
[2025-03-22 12:11:41] Verification Attempt - Reg No: NO_INPUT, Status: FAILED, Message: No registration number provided
[2025-03-22 13:28:16] Verification Attempt - Reg No: GYMSHARKMEMBER7365, Status: FAILED, Message: No matching member found
[2025-03-22 13:28:16] Verification Attempt - Reg No: 7365, Status: SUCCESS, Message: Member found and verified
[2025-03-22 13:28:16] Verification Attempt - Reg No: 7365, Status: SUCCESS, Message: Member found and verified
[2025-03-22 13:28:16] Verification Attempt - Reg No: GYMSHARKMEMBER7365, Status: FAILED, Message: No matching member found
[2025-03-22 13:28:16] Verification Attempt - Reg No: 7365, Status: SUCCESS, Message: Member found and verified
[2025-03-22 14:20:17] Verification Attempt - Reg No: GYMSHARKMEMBER7365, Status: FAILED, Message: No matching member found
[2025-03-22 14:20:17] Verification Attempt - Reg No: 7365, Status: SUCCESS, Message: Member found and verified
[2025-03-22 14:20:17] Verification Attempt - Reg No: GYMSHARKMEMBER7365, Status: FAILED, Message: No matching member found
[2025-03-22 14:20:17] Verification Attempt - Reg No: 7365, Status: SUCCESS, Message: Member found and verified
[2025-03-22 14:20:17] Verification Attempt - Reg No: 7365, Status: SUCCESS, Message: Member found and verified
[2025-03-22 14:20:37] Verification Attempt - Reg No: GYMSHARKMEMBER7365, Status: FAILED, Message: No matching member found
[2025-03-22 14:20:37] Verification Attempt - Reg No: 7365, Status: SUCCESS, Message: Member found and verified
[2025-03-22 14:20:37] Verification Attempt - Reg No: GYMSHARKMEMBER7365, Status: FAILED, Message: No matching member found
[2025-03-22 14:20:37] Verification Attempt - Reg No: 7365, Status: SUCCESS, Message: Member found and verified
[2025-03-22 14:20:37] Verification Attempt - Reg No: 7365, Status: SUCCESS, Message: Member found and verified
[2025-03-22 15:19:06] Verification Attempt - Reg No: 4324, Status: FAILED, Message: No matching member found
g member found
[2025-03-22 15:19:06] Verification Attempt - Reg No: GYMSHARKTRAINER4324, Status: FAILED, Message: No matching member found
[2025-03-22 15:19:06] Verification Attempt - Reg No: 4324, Status: FAILED, Message: No matching member found
[2025-03-22 15:19:06] Verification Attempt - Reg No: 4324, Status: FAILED, Message: No matching member found
[2025-03-22 15:19:12] Verification Attempt - Reg No: GYMSHARKTRAINER4324, Status: FAILED, Message: No matching member found
[2025-03-22 15:19:12] Verification Attempt - Reg No: 4324, Status: FAILED, Message: No matching member found
[2025-03-22 15:19:12] Verification Attempt - Reg No: 4324, Status: FAILED, Message: No matching member found
[2025-03-22 15:19:12] Verification Attempt - Reg No: GYMSHARKTRAINER4324, Status: FAILED, Message: No matching member found
[2025-03-22 15:19:12] Verification Attempt - Reg No: 4324, Status: FAILED, Message: No matching member found
[2025-03-22 15:19:21] Verification Attempt - Reg No: GYMSHARKTRAINER4324, Status: FAILED, Message: No matching member found
[2025-03-22 15:19:21] Verification Attempt - Reg No: 4324, Status: FAILED, Message: No matching member found
[2025-03-22 15:19:21] Verification Attempt - Reg No: 4324, Status: FAILED, Message: No matching member found
g member found
[2025-03-22 15:19:21] Verification Attempt - Reg No: 4324, Status: FAILED, Message: No matching member found
[2025-03-22 15:19:36] Verification Attempt - Reg No: GYMSHARKTRAINER4324, Status: FAILED, Message: No matching member found
[2025-03-22 15:19:36] Verification Attempt - Reg No: GYMSHARKTRAINER4324, Status: FAILED, Message: No matching member found
[2025-03-22 15:19:36] Verification Attempt - Reg No: 4324, Status: FAILED, Message: No matching member found
[2025-03-22 15:19:38] Verification Attempt - Reg No: 4324, Status: FAILED, Message: No matching member found
g member found
[2025-03-22 15:19:38] Verification Attempt - Reg No: GYMSHARKTRAINER4324, Status: FAILED, Message: No matching member found
[2025-03-22 15:19:38] Verification Attempt - Reg No: 4324, Status: FAILED, Message: No matching member found
[2025-03-22 15:19:38] Verification Attempt - Reg No: 4324, Status: FAILED, Message: No matching member found
[2025-03-22 15:19:40] Verification Attempt - Reg No: GYMSHARKTRAINER4324, Status: FAILED, Message: No matching member found
[2025-03-22 15:19:40] Verification Attempt - Reg No: GYMSHARKTRAINER4324, Status: FAILED, Message: No matching member found
[2025-03-22 15:19:40] Verification Attempt - Reg No: 4324, Status: FAILED, Message: No matching member found
[2025-03-22 15:19:43] Verification Attempt - Reg No: GYMSHARKTRAINER4324, Status: FAILED, Message: No matching member found
[2025-03-22 15:19:43] Verification Attempt - Reg No: GYMSHARKTRAINER4324, Status: FAILED, Message: No matching member found
[2025-03-22 15:19:43] Verification Attempt - Reg No: 4324, Status: FAILED, Message: No matching member found
[2025-03-22 15:19:43] Verification Attempt - Reg No: 4324, Status: FAILED, Message: No matching member found
[2025-03-22 15:19:43] Verification Attempt - Reg No: 4324, Status: FAILED, Message: No matching member found
[2025-03-22 15:19:45] Verification Attempt - Reg No: GYMSHARKTRAINER4324, Status: FAILED, Message: No matching member found
[2025-03-22 15:19:45] Verification Attempt - Reg No: 4324, Status: FAILED, Message: No matching member found
g member found
[2025-03-22 15:19:45] Verification Attempt - Reg No: 4324, Status: FAILED, Message: No matching member found
[2025-03-22 15:19:55] Verification Attempt - Reg No: GYMSHARKTRAINER4324, Status: FAILED, Message: No matching member found
[2025-03-22 15:19:55] Verification Attempt - Reg No: GYMSHARKTRAINER4324, Status: FAILED, Message: No matching member found
[2025-03-22 15:19:55] Verification Attempt - Reg No: 4324, Status: FAILED, Message: No matching member found
[2025-03-22 15:19:55] Verification Attempt - Reg No: 4324, Status: FAILED, Message: No matching member found
[2025-03-22 15:19:55] Verification Attempt - Reg No: 4324, Status: FAILED, Message: No matching member found
