[2025-03-08 14:58:13] QR Scanner Error: All verification methods failed
Details: {"rawQrData":"","extractionAttempts":[],"errors":[]}
[2025-03-08 14:58:26] QR Scanner Error: All verification methods failed
Details: {"rawQrData":"","extractionAttempts":[],"errors":[]}
[2025-03-08 17:48:41] QR Scanner Error: All verification methods failed
Details: {"rawQrData":"GYMSHARK-TRAINER-62345","extractionAttempts":["GYMSHARK-TRAINER-62345","62345","62345"],"errors":[]}
[2025-03-08 17:48:41] QR Scanner Error: All verification methods failed
Details: {"rawQrData":"GYMSHARK-TRAINER-62345","extractionAttempts":["GYMSHARK-TRAINER-62345","62345","62345"],"errors":[]}
[2025-03-08 17:48:42] QR Scanner Error: All verification methods failed
Details: {"rawQrData":"GYMSHARK-TRAINER-62345","extractionAttempts":["GYMSHARK-TRAINER-62345","62345","62345"],"errors":[]}
[2025-03-08 17:48:42] QR Scanner Error: All verification methods failed
Details: {"rawQrData":"GYMSHARK-TRAINER-62345","extractionAttempts":["GYMSHARK-TRAINER-62345","62345","62345"],"errors":[]}
[2025-03-08 17:48:42] QR Scanner Error: All verification methods failed
Details: {"rawQrData":"GYMSHARK-TRAINER-62345","extractionAttempts":["GYMSHARK-TRAINER-62345","62345","62345"],"errors":[]}
[2025-03-08 17:48:42] QR Scanner Error: All verification methods failed
Details: {"rawQrData":"GYMSHARK-TRAINER-62345","extractionAttempts":["GYMSHARK-TRAINER-62345","62345","62345"],"errors":[]}
[2025-03-08 17:48:43] QR Scanner Error: All verification methods failed
Details: {"rawQrData":"GYMSHARK-TRAINER-62345","extractionAttempts":["GYMSHARK-TRAINER-62345","62345","62345"],"errors":[]}
[2025-03-08 17:48:43] QR Scanner Error: All verification methods failed
Details: {"rawQrData":"GYMSHARK-TRAINER-62345","extractionAttempts":["GYMSHARK-TRAINER-62345","62345","62345"],"errors":[]}
[2025-03-08 17:48:43] QR Scanner Error: All verification methods failed
Details: {"rawQrData":"GYMSHARK-TRAINER-62345","extractionAttempts":["GYMSHARK-TRAINER-62345","62345","62345"],"errors":[]}
[2025-03-08 17:48:43] QR Scanner Error: All verification methods failed
Details: {"rawQrData":"GYMSHARK-TRAINER-62345","extractionAttempts":["GYMSHARK-TRAINER-62345","62345","62345"],"errors":[]}
[2025-03-08 17:48:44] QR Scanner Error: All verification methods failed
Details: {"rawQrData":"GYMSHARK-TRAINER-62345","extractionAttempts":["GYMSHARK-TRAINER-62345","62345","62345"],"errors":[]}
[2025-03-08 17:48:44] QR Scanner Error: All verification methods failed
Details: {"rawQrData":"GYMSHARK-TRAINER-62345","extractionAttempts":["GYMSHARK-TRAINER-62345","62345","62345"],"errors":[]}
[2025-03-08 17:48:44] QR Scanner Error: All verification methods failed
Details: {"rawQrData":"GYMSHARK-TRAINER-62345","extractionAttempts":["GYMSHARK-TRAINER-62345","62345","62345"],"errors":[]}
[2025-03-08 17:48:44] QR Scanner Error: All verification methods failed
Details: {"rawQrData":"GYMSHARK-TRAINER-62345","extractionAttempts":["GYMSHARK-TRAINER-62345","62345","62345"],"errors":[]}
[2025-03-08 17:48:45] QR Scanner Error: All verification methods failed
Details: {"rawQrData":"GYMSHARK-TRAINER-62345","extractionAttempts":["GYMSHARK-TRAINER-62345","62345","62345"],"errors":[]}
[2025-03-08 17:48:57] QR Scanner Error: All verification methods failed
Details: {"rawQrData":"GYMSHARK-TRAINER-62345","extractionAttempts":["GYMSHARK-TRAINER-62345","62345","62345"],"errors":[]}
[2025-03-08 17:48:58] QR Scanner Error: All verification methods failed
Details: {"rawQrData":"GYMSHARK-TRAINER-62345","extractionAttempts":["GYMSHARK-TRAINER-62345","62345","62345"],"errors":[]}
[2025-03-08 17:48:59] QR Scanner Error: All verification methods failed
Details: {"rawQrData":"GYMSHARK-TRAINER-62345","extractionAttempts":["GYMSHARK-TRAINER-62345","62345","62345"],"errors":[]}
[2025-03-08 17:48:59] QR Scanner Error: All verification methods failed
Details: {"rawQrData":"GYMSHARK-TRAINER-62345","extractionAttempts":["GYMSHARK-TRAINER-62345","62345","62345"],"errors":[]}
[2025-03-08 17:48:59] QR Scanner Error: All verification methods failed
Details: {"rawQrData":"GYMSHARK-TRAINER-62345","extractionAttempts":["GYMSHARK-TRAINER-62345","62345","62345"],"errors":[]}
[2025-03-08 17:49:00] QR Scanner Error: All verification methods failed
Details: {"rawQrData":"GYMSHARK-TRAINER-62345","extractionAttempts":["GYMSHARK-TRAINER-62345","62345","62345"],"errors":[]}
[2025-03-08 17:49:00] QR Scanner Error: All verification methods failed
Details: {"rawQrData":"GYMSHARK-TRAINER-62345","extractionAttempts":["GYMSHARK-TRAINER-62345","62345","62345"],"errors":[]}
[2025-03-08 17:49:00] QR Scanner Error: All verification methods failed
Details: {"rawQrData":"GYMSHARK-TRAINER-62345","extractionAttempts":["GYMSHARK-TRAINER-62345","62345","62345"],"errors":[]}
[2025-03-08 17:49:00] QR Scanner Error: All verification methods failed
Details: {"rawQrData":"GYMSHARK-TRAINER-62345","extractionAttempts":["GYMSHARK-TRAINER-62345","62345","62345"],"errors":[]}
[2025-03-08 17:49:01] QR Scanner Error: All verification methods failed
Details: {"rawQrData":"GYMSHARK-TRAINER-62345","extractionAttempts":["GYMSHARK-TRAINER-62345","62345","62345"],"errors":[]}
[2025-03-09 06:26:53] QR Scanner Error: All trainer verification methods failed
Details: {"rawQrData":"","extractionAttempts":[],"errors":[]}
[2025-03-09 06:29:03] QR Scanner Error: All member verification methods failed
Details: {"rawQrData":"GYMSHARK-TRAINER-62345","extractionAttempts":["GYMSHARK-TRAINER-62345","62345","62345"],"errors":[]}
[2025-03-09 06:29:03] QR Scanner Error: All member verification methods failed
Details: {"rawQrData":"GYMSHARK-TRAINER-62345","extractionAttempts":["GYMSHARK-TRAINER-62345","62345","62345"],"errors":[]}
[2025-03-09 06:29:03] QR Scanner Error: All member verification methods failed
Details: {"rawQrData":"GYMSHARK-TRAINER-62345","extractionAttempts":["GYMSHARK-TRAINER-62345","62345","62345"],"errors":[]}
[2025-03-09 06:29:03] QR Scanner Error: All member verification methods failed
Details: {"rawQrData":"GYMSHARK-TRAINER-62345","extractionAttempts":["GYMSHARK-TRAINER-62345","62345","62345"],"errors":[]}
[2025-03-09 06:29:04] QR Scanner Error: All member verification methods failed
Details: {"rawQrData":"GYMSHARK-TRAINER-62345","extractionAttempts":["GYMSHARK-TRAINER-62345","62345","62345"],"errors":[]}
[2025-03-09 06:29:04] QR Scanner Error: All member verification methods failed
Details: {"rawQrData":"GYMSHARK-TRAINER-62345","extractionAttempts":["GYMSHARK-TRAINER-62345","62345","62345"],"errors":[]}
[2025-03-09 06:29:04] QR Scanner Error: All member verification methods failed
Details: {"rawQrData":"GYMSHARK-TRAINER-62345","extractionAttempts":["GYMSHARK-TRAINER-62345","62345","62345"],"errors":[]}
[2025-03-09 06:29:04] QR Scanner Error: All member verification methods failed
Details: {"rawQrData":"GYMSHARK-TRAINER-62345","extractionAttempts":["GYMSHARK-TRAINER-62345","62345","62345"],"errors":[]}
[2025-03-09 06:29:04] QR Scanner Error: All member verification methods failed
Details: {"rawQrData":"GYMSHARK-TRAINER-62345","extractionAttempts":["GYMSHARK-TRAINER-62345","62345","62345"],"errors":[]}
[2025-03-09 06:29:05] QR Scanner Error: All member verification methods failed
Details: {"rawQrData":"GYMSHARK-TRAINER-62345","extractionAttempts":["GYMSHARK-TRAINER-62345","62345","62345"],"errors":[]}
[2025-03-09 06:29:34] QR Scanner Error: All member verification methods failed
Details: {"rawQrData":"GYMSHARK-MEMBER-6942","extractionAttempts":["GYMSHARK-MEMBER-6942","6942","6942"],"errors":[]}
[2025-03-09 06:29:34] QR Scanner Error: All member verification methods failed
Details: {"rawQrData":"GYMSHARK-MEMBER-6942","extractionAttempts":["GYMSHARK-MEMBER-6942","6942","6942"],"errors":[]}
[2025-03-09 06:29:35] QR Scanner Error: All member verification methods failed
Details: {"rawQrData":"GYMSHARK-MEMBER-6942","extractionAttempts":["GYMSHARK-MEMBER-6942","6942","6942"],"errors":[]}
[2025-03-09 06:29:35] QR Scanner Error: All member verification methods failed
Details: {"rawQrData":"GYMSHARK-MEMBER-6942","extractionAttempts":["GYMSHARK-MEMBER-6942","6942","6942"],"errors":[]}
[2025-03-09 06:29:35] QR Scanner Error: All member verification methods failed
Details: {"rawQrData":"GYMSHARK-MEMBER-6942","extractionAttempts":["GYMSHARK-MEMBER-6942","6942","6942"],"errors":[]}
[2025-03-09 07:40:18] QR Scanner Error: All trainer verification methods failed
Details: {"rawQrData":"GYMSHARK-MEMBER-6942","extractionAttempts":["GYMSHARK-MEMBER-6942","GYMSHARK-MEMBER-6942"],"errors":[]}
[2025-03-09 07:40:33] QR Scanner Error: All member verification methods failed
Details: {"rawQrData":"","extractionAttempts":[],"errors":[]}
[2025-03-09 11:19:44] QR Scanner Error: All trainer verification methods failed
Details: {"rawQrData":"GYMSHARK-MEMBER-6942","extractionAttempts":["GYMSHARK-MEMBER-6942","GYMSHARK-MEMBER-6942"],"errors":[]}
[2025-03-09 11:19:44] QR Scanner Error: All trainer verification methods failed
Details: {"rawQrData":"GYMSHARK-MEMBER-6942","extractionAttempts":["GYMSHARK-MEMBER-6942","GYMSHARK-MEMBER-6942"],"errors":[]}
[2025-03-09 11:19:44] QR Scanner Error: All trainer verification methods failed
Details: {"rawQrData":"GYMSHARK-MEMBER-6942","extractionAttempts":["GYMSHARK-MEMBER-6942","GYMSHARK-MEMBER-6942"],"errors":[]}
[2025-03-09 11:19:45] QR Scanner Error: All trainer verification methods failed
Details: {"rawQrData":"GYMSHARK-MEMBER-6942","extractionAttempts":["GYMSHARK-MEMBER-6942","GYMSHARK-MEMBER-6942"],"errors":[]}
[2025-03-09 11:19:45] QR Scanner Error: All trainer verification methods failed
Details: {"rawQrData":"GYMSHARK-MEMBER-6942","extractionAttempts":["GYMSHARK-MEMBER-6942","GYMSHARK-MEMBER-6942"],"errors":[]}
[2025-03-09 11:19:45] QR Scanner Error: All trainer verification methods failed
Details: {"rawQrData":"GYMSHARK-MEMBER-6942","extractionAttempts":["GYMSHARK-MEMBER-6942","GYMSHARK-MEMBER-6942"],"errors":[]}
[2025-03-09 11:20:31] QR Scanner Error: All member verification methods failed
Details: {"rawQrData":"","extractionAttempts":[],"errors":[]}
[2025-03-09 18:19:14] QR Scanner Error: All member verification methods failed
Details: {"rawQrData":"","extractionAttempts":[],"errors":[]}
[2025-03-09 18:27:30] QR Scanner Error: All trainer verification methods failed
Details: {"rawQrData":"","extractionAttempts":[],"errors":[]}
[2025-03-09 18:28:58] QR Scanner Error: All trainer verification methods failed
Details: {"rawQrData":"","extractionAttempts":[],"errors":[]}
[2025-03-09 18:55:26] QR Scanner Error: All member verification methods failed
Details: {"rawQrData":"GYMSHARK-TRAINER-62345","extractionAttempts":["GYMSHARK-TRAINER-62345","62345","62345"],"errors":[]}
[2025-03-09 18:55:27] QR Scanner Error: All member verification methods failed
Details: {"rawQrData":"GYMSHARK-TRAINER-62345","extractionAttempts":["GYMSHARK-TRAINER-62345","62345","62345"],"errors":[]}
[2025-03-09 18:55:27] QR Scanner Error: All member verification methods failed
Details: {"rawQrData":"GYMSHARK-TRAINER-62345","extractionAttempts":["GYMSHARK-TRAINER-62345","62345","62345"],"errors":[]}
[2025-03-09 18:55:27] QR Scanner Error: All member verification methods failed
Details: {"rawQrData":"GYMSHARK-TRAINER-62345","extractionAttempts":["GYMSHARK-TRAINER-62345","62345","62345"],"errors":[]}
[2025-03-09 18:55:27] QR Scanner Error: All member verification methods failed
Details: {"rawQrData":"GYMSHARK-TRAINER-62345","extractionAttempts":["GYMSHARK-TRAINER-62345","62345","62345"],"errors":[]}
[2025-03-09 18:55:52] QR Scanner Error: All trainer verification methods failed
Details: {"rawQrData":"","extractionAttempts":[],"errors":[]}
[2025-03-09 19:04:41] QR Scanner Error: All member verification methods failed
Details: {"rawQrData":"GYMSHARK-MEMBER-6943","extractionAttempts":["GYMSHARK-MEMBER-6943","6943","6943"],"errors":[]}
[2025-03-09 19:04:56] QR Scanner Error: All member verification methods failed
Details: {"rawQrData":"","extractionAttempts":[],"errors":[]}
[2025-03-09 19:27:21] QR Scanner Error: All member verification methods failed
Details: {"rawQrData":"GYMSHARK-MEMBER-6943","extractionAttempts":["GYMSHARK-MEMBER-6943","6943","6943"],"errors":[]}
[2025-03-09 19:27:21] QR Scanner Error: All member verification methods failed
Details: {"rawQrData":"GYMSHARK-MEMBER-6943","extractionAttempts":["GYMSHARK-MEMBER-6943","6943","6943"],"errors":[]}
[2025-03-09 19:27:21] QR Scanner Error: All member verification methods failed
Details: {"rawQrData":"GYMSHARK-MEMBER-6943","extractionAttempts":["GYMSHARK-MEMBER-6943","6943","6943"],"errors":[]}
[2025-03-09 19:30:30] QR Scanner Error: All member verification methods failed
Details: {"rawQrData":"GYMSHARK-MEMBER-6943","extractionAttempts":["GYMSHARK-MEMBER-6943","6943","6943"],"errors":[]}
[2025-03-09 19:30:30] QR Scanner Error: All member verification methods failed
Details: {"rawQrData":"GYMSHARK-MEMBER-6943","extractionAttempts":["GYMSHARK-MEMBER-6943","6943","6943"],"errors":[]}
[2025-03-09 19:30:30] QR Scanner Error: All member verification methods failed
Details: {"rawQrData":"GYMSHARK-MEMBER-6943","extractionAttempts":["GYMSHARK-MEMBER-6943","6943","6943"],"errors":[]}
[2025-03-09 19:30:31] QR Scanner Error: All member verification methods failed
Details: {"rawQrData":"GYMSHARK-MEMBER-6943","extractionAttempts":["GYMSHARK-MEMBER-6943","6943","6943"],"errors":[]}
[2025-03-09 19:30:31] QR Scanner Error: All member verification methods failed
Details: {"rawQrData":"GYMSHARK-MEMBER-6943","extractionAttempts":["GYMSHARK-MEMBER-6943","6943","6943"],"errors":[]}
[2025-03-09 19:30:31] QR Scanner Error: All member verification methods failed
Details: {"rawQrData":"GYMSHARK-MEMBER-6943","extractionAttempts":["GYMSHARK-MEMBER-6943","6943","6943"],"errors":[]}
[2025-03-09 19:30:31] QR Scanner Error: All member verification methods failed
Details: {"rawQrData":"GYMSHARK-MEMBER-6943","extractionAttempts":["GYMSHARK-MEMBER-6943","6943","6943"],"errors":[]}
[2025-03-09 19:30:31] QR Scanner Error: All member verification methods failed
Details: {"rawQrData":"GYMSHARK-MEMBER-6943","extractionAttempts":["GYMSHARK-MEMBER-6943","6943","6943"],"errors":[]}
[2025-03-09 19:58:17] QR Scanner Error: All member verification methods failed
Details: {"rawQrData":"","attempts":[]}
[2025-03-09 19:58:21] QR Scanner Error: All member verification methods failed
Details: {"rawQrData":"","attempts":[]}
[2025-03-10 10:18:29] QR Scanner Error: All member verification methods failed
Details: {"rawQrData":"GYMSHARK-MEMBER-6943","attempts":["GYMSHARK-MEMBER-6943","6943","6943","6943","GYMSHARK-MEMBER-6943"]}
[2025-03-10 10:18:45] QR Scanner Error: All member verification methods failed
Details: {"rawQrData":"","attempts":[]}
[2025-03-22 13:29:35] QR Scanner Error: All trainer verification methods failed
Details: {"rawQrData":"GYMSHARK-TRAINER-4324","attempts":["GYMSHARK-TRAINER-4324","4324","4324","GYMSHARK-TRAINER-4324","4324"]}
[2025-03-22 13:51:40] QR Scanner Error: All trainer verification methods failed
Details: {"rawQrData":"GYMSHARK-TRAINER-62345","attempts":["GYMSHARK-TRAINER-62345","62345","62345","GYMSHARK-TRAINER-62345","62345"]}
[2025-03-22 14:00:07] QR Scanner Error: All trainer verification methods failed
Details: {"rawQrData":"GYMSHARK-TRAINER-4324","attempts":["GYMSHARK-TRAINER-4324","4324","4324","GYMSHARK-TRAINER-4324","4324"]}
[2025-03-22 14:22:18] QR Scanner Error: All trainer verification methods failed
Details: {"rawQrData":"GYMSHARK-TRAINER-4324","attempts":["GYMSHARK-TRAINER-4324","4324","4324","GYMSHARK-TRAINER-4324","4324"]}
[2025-03-22 15:19:06] QR Scanner Error: All member verification methods failed
Details: {"rawQrData":"GYMSHARK-TRAINER-4324","attempts":["GYMSHARK-TRAINER-4324","4324","4324","GYMSHARK-TRAINER-4324","4324"]}
[2025-03-22 15:19:12] QR Scanner Error: All member verification methods failed
Details: {"rawQrData":"GYMSHARK-TRAINER-4324","attempts":["GYMSHARK-TRAINER-4324","4324","4324","GYMSHARK-TRAINER-4324","4324"]}
[2025-03-22 15:19:21] QR Scanner Error: All member verification methods failed
Details: {"rawQrData":"GYMSHARK-TRAINER-4324","attempts":["GYMSHARK-TRAINER-4324","4324","4324","GYMSHARK-TRAINER-4324","4324"]}
[2025-03-22 15:19:34] QR Scanner Error: All member verification methods failed
Details: {"rawQrData":"","attempts":[]}
[2025-03-22 15:19:36] QR Scanner Error: All member verification methods failed
Details: {"rawQrData":"GYMSHARK-TRAINER-4324","attempts":["GYMSHARK-TRAINER-4324","4324","4324","GYMSHARK-TRAINER-4324","4324"]}
[2025-03-22 15:19:38] QR Scanner Error: All member verification methods failed
Details: {"rawQrData":"GYMSHARK-TRAINER-4324","attempts":["GYMSHARK-TRAINER-4324","4324","4324","GYMSHARK-TRAINER-4324","4324"]}
[2025-03-22 15:19:40] QR Scanner Error: All member verification methods failed
Details: {"rawQrData":"GYMSHARK-TRAINER-4324","attempts":["GYMSHARK-TRAINER-4324","4324","4324","GYMSHARK-TRAINER-4324","4324"]}
[2025-03-22 15:19:43] QR Scanner Error: All member verification methods failed
Details: {"rawQrData":"GYMSHARK-TRAINER-4324","attempts":["GYMSHARK-TRAINER-4324","4324","4324","GYMSHARK-TRAINER-4324","4324"]}
[2025-03-22 15:19:45] QR Scanner Error: All member verification methods failed
Details: {"rawQrData":"GYMSHARK-TRAINER-4324","attempts":["GYMSHARK-TRAINER-4324","4324","4324","GYMSHARK-TRAINER-4324","4324"]}
[2025-03-22 15:19:55] QR Scanner Error: All member verification methods failed
Details: {"rawQrData":"GYMSHARK-TRAINER-4324","attempts":["GYMSHARK-TRAINER-4324","4324","4324","GYMSHARK-TRAINER-4324","4324"]}
[2025-03-22 15:33:15] QR Scanner Error: All trainer verification methods failed
Details: {"rawQrData":"","attempts":[]}
[2025-03-22 16:30:01] QR Scanner Error: All trainer verification methods failed
Details: {"rawQrData":"GYMSHARK-TRAINER-4324","attempts":["GYMSHARK-TRAINER-4324","4324","4324","GYMSHARK-TRAINER-4324","4324"]}
[2025-03-29 07:37:06] QR Scanner Error: Camera access error
Details: {"message":"Permission denied"}
[2025-03-29 07:49:18] QR Scanner Error: Camera access error
Details: {"message":"Permission denied"}
[2025-03-29 07:51:48] QR Scanner Error: All member verification methods failed
Details: {"rawQrData":"GYMSHARK-MEMBER-akash123","attempts":["GYMSHARK-MEMBER-akash123","123","akash123","akash123","GYMSHARK-MEMBER-akash123"]}
[2025-03-29 07:53:21] QR Scanner Error: All member verification methods failed
Details: {"rawQrData":"GYMSHARK-MEMBER-akash123","attempts":["GYMSHARK-MEMBER-akash123","123","akash123","akash123","GYMSHARK-MEMBER-akash123"]}
[2025-03-29 07:58:36] QR Scanner Error: All member verification methods failed
Details: {"rawQrData":"GYMSHARK-MEMBER-akash123","attempts":["GYMSHARK-MEMBER-akash123","123","akash123","akash123","GYMSHARK-MEMBER-akash123"]}
[2025-03-29 08:05:34] QR Scanner Error: All member verification methods failed
Details: {"rawQrData":"GYMSHARK-MEMBER-akash123","attempts":["GYMSHARK-MEMBER-akash123","123","akash123","akash123","GYMSHARK-MEMBER-akash123"]}
[2025-03-29 08:27:54] QR Scanner Error: All member verification methods failed
Details: {"rawQrData":"","attempts":[]}
[2025-03-29 08:28:06] QR Scanner Error: All member verification methods failed
Details: {"rawQrData":"","attempts":[]}
[2025-03-29 08:49:31] QR Scanner Error: All member verification methods failed
Details: {"rawQrData":"","attempts":[]}
[2025-03-29 08:49:37] QR Scanner Error: All member verification methods failed
Details: {"rawQrData":"GYMSHARK-MEMBER-akash123","attempts":["GYMSHARK-MEMBER-akash123","123","akash123","akash123","GYMSHARK-MEMBER-akash123"]}
[2025-03-29 08:49:40] QR Scanner Error: All member verification methods failed
Details: {"rawQrData":"","attempts":[]}
